Case #1:
0.3890850716800
0.4301146708100
0.4558380434800
0.4694442363600
0.5769350582300
0.5981307081400
0.6134592593600
0.6286948602300
0.6304932155100
0.7229919505600
0.7376380481700
0.7671915262400
0.8983064203800
0.9047458791900
0.9180704839700
0.9692876000300
0.9765840813400
0.1228481509100
0.1316604584100
0.3045053011500
0.0780642413600
0.0878260839500
0.0962031511900
0.0989399726600
0.0330773800400
Case #2:
0.4000000000000
0.4703000000000
0.4763410000000
0.5236836400000
0.5765452069000
0.6000000000000
0.6067900000000
0.6800000000000
0.6956000000000
0.6984751500000
0.7000000000000
0.7076000000000
0.7944000000000
0.9525621200000
0.1300000000000
0.1470230000000
0.1630000000000
0.1950480000000
0.2204000000000
0.2286400000000
0.2957557720000
0.3000000000000
0.0168377000000
0.0200000000000
0.0114824400000
Case #3:
0.4201504340900
0.4456439274400
0.4893464378900
0.5457843488800
0.6015208934800
0.6153374864600
0.6194630410600
0.6396007003500
0.6734601326400
0.6796352501400
0.6959556879700
0.7736019235300
0.8493446262400
0.8544746042200
0.9255847358800
0.9880127857800
0.1960794632700
0.2006599907700
0.2113519914700
0.3024781563800
0.3166719798700
0.0612800448700
0.0850168291800
0.0879461320900
0.0080200831200
Case #4:
0.3659270000000
0.4023400000000
0.4068000000000
0.4349611000000
0.4700000000000
0.6300000000000
0.6611441980000
0.7007189000000
0.7979503390000
0.7990000000000
0.8000000000000
0.8410000000000
0.8620600000000
0.9606299800000
0.9650000000000
0.1385050000000
0.1683907122000
0.1699442400000
0.1745800000000
0.1840091000000
0.2330200000000
0.2790900000000
0.2986115600000
0.3200088401900
0.0481182730800
Case #5:
0.3602093177000
0.3915905433000
0.4786612695100
0.5621000000000
0.7000000000000
0.7009149920700
0.7411942221800
0.7818930042000
0.8527159700000
0.9000000000000
0.9011955381800
0.9013300000000
0.9084241651800
0.9137448757000
0.9725651577600
0.2500000000000
0.2866312170800
0.2964133854600
0.2990850079300
0.3000000000000
0.3073887323500
0.3086302671100
0.0836599592500
0.1000000000000
0.1101476411600
Case #6:
0.4344607941000
0.5000000000000
0.5439967319600
0.5767000000000
0.5859750000000
0.5989090000000
0.6000000000000
0.6567812000000
0.6600000000000
0.7801525500000
0.8000000000000
0.8344000000000
0.8480000000000
0.9907512245000
0.1193809069800
0.1220850448000
0.1280000000000
0.1478134400000
0.1650163950000
0.2585129287700
0.2893640000000
0.2912000000000
0.0783223152100
0.0997424337000
0.0100000000000
Case #7:
0.3708593638000
0.4824313973400
0.5713882082000
0.5770000000000
0.5800000000000
0.5917780000000
0.6010000000000
0.6109564160000
0.6340000000000
0.7106010000000
0.7224979000000
0.7300793476000
0.8290000000000
0.8710000000000
0.9010199000000
0.9116200000000
0.9253995763900
0.9597000000000
0.9877150000000
0.1695395460000
0.2059666470000
0.2647441000000
0.0657262540000
0.0943020000000
0.0021237424400
Case #8:
0.3376117394700
0.3987478928800
0.4296779612700
0.4743105306900
0.4958016352600
0.4973645599600
0.5136833480900
0.5610477374400
0.5613578033600
0.5993652261800
0.6707479996200
0.6750000000000
0.6789677689400
0.6795082904700
0.6945533197500
0.7000000000000
0.7035866145400
0.7180082975600
0.7196871124100
0.7211477965900
0.7438392577500
0.7445461102300
0.7490092658100
0.7500000000000
0.7503302447300
0.7520535807500
0.7639569309200
0.7663616693100
0.7681793936000
0.7684822267500
0.7750000000000
0.7764173334600
0.7849856377600
0.7886170562700
0.8114806139800
0.8298345984700
0.8348404633800
0.8350084509800
0.8472143290400
0.8589872953400
0.8825393640400
0.8892401563800
0.8904848155900
0.9000000000000
0.9011955381800
0.9148487034100
0.9163400407500
0.9230769059800
0.9250000000000
0.9632680034200
0.9730254381600
0.9740775403100
0.9743589686600
0.9750000000000
0.9752743362400
0.9877560011400
0.9917581120800
0.9971155363100
0.1154988762800
0.1287510467100
0.1319076843700
0.2026305624700
0.2232387773200
0.2235826665400
0.2250000000000
0.2314315041400
0.2315177732500
0.2318206064000
0.2479464192500
0.2496697552700
0.2500000000000
0.2509907341900
0.2554538897700
0.2588057778200
0.2964133854600
0.3000000000000
0.3054466802500
0.3175158079100
0.3246758672900
0.3250000000000
0.3305860373600
0.0503107048500
0.0750000000000
0.0836599592500
0.0861003450800
0.0988044618200
0.1000000000000
0.1107598436200
0.0243412705300
0.0247256637600
0.0250000000000
0.0256410313400
0.0259224596900
0.0283837655300
0.0349471538800
0.0367319965800
0.0082418879200
0.0107486865700
0.0122439988600
0.0028844636900
Case #9:
0.6750000000000
0.7000000000000
0.7009149920700
0.7490092658100
0.7500000000000
0.7520535807500
0.7750000000000
0.9250000000000
0.9743589686600
0.9750000000000
0.2250000000000
0.2500000000000
0.2509907341900
0.2990850079300
0.3000000000000
0.3250000000000
0.3305860373600
0.0750000000000
0.0769230940200
0.0988044618200
0.1000000000000
0.0250000000000
0.0259224596900
0.0367319965800
0.0122439988600
Case #10:
0.3352642080000
0.3542603090000
0.3703703704000
0.3900000000000
0.3951000000000
0.4263618800000
0.4350000000000
0.4433651371200
0.4583531669300
0.4970563755700
0.5264980013600
0.6495211111600
0.6678966000000
0.6698172202300
0.6752069919600
0.6918002186600
0.6945533197500
0.6954732510300
0.6981900000000
0.7009149920700
0.7035866145400
0.7127610117300
0.7407789550400
0.7411942221800
0.7438392577500
0.7490092658100
0.7500000000000
0.7503302447300
0.7517161337100
0.7520535807500
0.7630637877900
0.7663847854300
0.7667925508200
0.7681793936000
0.7682149432700
0.7739153000000
0.7764173334600
0.7765082269600
0.7777777777800
0.8074788855800
0.8228029466900
0.8450700000000
0.8610471197400
0.8636917830000
0.8944369000000
0.8983503924500
0.9012345679100
0.9076090601500
0.9128922897000
0.9149519890300
0.9169506976800
0.9247065996100
0.9250000000000
0.9506984039300
0.9600000000000
0.9700000000000
0.9740775403100
0.9864401239000
0.9971155363100
0.1111111111200
0.1330000000000
0.1634194378000
0.1783341535300
0.1787726733100
0.2305712205200
0.2318206064000
0.2333147047400
0.2336383306900
0.2375617783900
0.2397082388400
0.2496697552700
0.2501143118500
0.2550135199800
0.2602869417800
0.2813751392100
0.2900000000000
0.2920721526300
0.2974900000000
0.2976178603800
0.2990850079300
0.3000000000000
0.3032100000000
0.3219525206900
0.3223593964400
0.3302810681400
0.3305860373600
0.3307882792600
0.0475340000000
0.0769230940200
0.0851512965900
0.0926959669200
0.1000000000000
0.1020000000000
0.0247256637600
0.0250000000000
0.0256410313400
0.0259224596900
0.0082418879200
0.0122439988600
0.0028844636900
Case #11:
0.3402308260000
0.4000000000000
0.4013683940500
0.4304533254200
0.4501500000000
0.4574060000000
0.4760000000000
0.5000000000000
0.5807500135300
0.5898546082200
0.6000000000000
0.6057501850000
0.7009149920700
0.7037037037100
0.7311386236000
0.7438392577500
0.7500000000000
0.7530712218100
0.7663616693100
0.7750000000000
0.7764173334600
0.7777777777800
0.7891203785300
0.8000000000000
0.8132863889100
0.8249488361900
0.8893411184600
0.9670287839100
0.9877560011400
0.9917581120800
0.9962362290100
0.1461000000000
0.1736415426700
0.1799243873900
0.1892645986000
0.2035831819100
0.2226450418900
0.2250000000000
0.2307914288900
0.2344198603500
0.2344543966600
0.2472185721500
0.2479464192500
0.2481446837100
0.2500000000000
0.2510288065900
0.2554538897700
0.2561607422500
0.2570747104000
0.2592140990300
0.2964133854600
0.3100000000000
0.3158791694200
0.3219478679600
0.0767000000000
0.0830905378200
0.0836599592500
0.0988044618200
0.1000000000000
0.1101502016900
0.0256410313400
0.0082418879200
0.0122439988600
0.0028844636900
Case #12:
0.3538900000000
0.6262070000000
0.6600000000000
0.6706295462700
0.7009149920700
0.7096600000000
0.7520535807500
0.7663616693100
0.8300000000000
0.9000000000000
0.9632828711900
0.9688231674300
0.9740775403100
0.9743589686600
0.9750000000000
0.9998607553800
0.1278253854700
0.1371742120000
0.2250000000000
0.2253044314400
0.2500000000000
0.2700000000000
0.0851512965900
0.1000000000000
0.1101513941900
Case #13:
0.3555690345900
0.4153678788900
0.4285729444300
0.4592678599500
0.4682043305400
0.5201495989300
0.5725695935600
0.6208791935100
0.6426467521100
0.6486498444400
0.6669726565700
0.6721944061100
0.7566230323600
0.7608888182300
0.7630927507900
0.7759749580200
0.7991154027700
0.1755441368700
0.2210557644100
0.2930612453900
0.2937396301900
0.0726842145600
0.0819907684300
0.0132804388300
0.0122140181500
Case #14:
0.3385595411500
0.3428333528700
0.3474566456100
0.3700281799100
0.5013437941500
0.5749992263400
0.6060028720300
0.7032138308800
0.7034595998400
0.7260465624100
0.7325599786800
0.7603519160300
0.8376697848700
0.9191090265700
0.9507689868600
0.1379049728200
0.1449319763200
0.1670444790900
0.1798269604300
0.2074295961200
0.2522102855100
0.3245016809500
0.0479569014600
0.0583878366100
0.0267530680600
Case #15:
0.3283702389000
0.1061325969700
0.0044960234900
Case #16:
0.3388712000000
0.3600964171000
0.3704000000000
0.4020000000000
0.4047000000000
0.4700000000000
0.4900000000000
0.5267000000000
0.5300000000000
0.5450000000000
0.5730000000000
0.6000000000000
0.6440000000000
0.6679367982600
0.6680400000000
0.6703754509100
0.6752034200000
0.6759641000000
0.6779623676900
0.6779849039000
0.6790123500000
0.6790130000000
0.6954740000000
0.6990000000000
0.7024843800000
0.7030000000000
0.7037038000000
0.7330000000000
0.7417993581000
0.7448600000000
0.7453200000000
0.7503500000000
0.7544581619000
0.7664990100000
0.7686400000000
0.7695474000000
0.7767278023400
0.7777777778000
0.7777778000000
0.7777800000000
0.8000000000000
0.8241180000000
0.8283000000000
0.8350000000000
0.8462000000000
0.8532000000000
0.8547883000000
0.8870000000000
0.8890413046800
0.8895000000000
0.8919000000000
0.8920897000000
0.9000000000000
0.9008845761000
0.9012345680000
0.9222700000000
0.9230000000000
0.9259259260000
0.9381000000000
0.9716380559200
0.9753100000000
0.9881002783100
0.9881116000000
0.9890261000000
0.9905600000000
0.9916567000000
0.9916679370000
0.9917700000000
0.1111120000000
0.1129387611000
0.1422000000000
0.2000000000000
0.2216000000000
0.2342580519000
0.2345679100000
0.2496584764000
0.2498053000000
0.2836250880000
0.2858300000000
0.2870130000000
0.2972278000000
0.2993465100000
0.3000000000000
0.3048429225300
0.3049388361100
0.3082355333000
0.3086419800000
0.3212980100000
0.3223216300000
0.3237480737000
0.3251028810000
0.3251030000000
0.3305898510000
0.0400000000000
0.1000000000000
0.1018138125000
0.1028807000000
0.1074532000000
0.0061000000000
0.0080000000000
Case #17:
0.3426250500000
0.3693030200000
0.3859000000000
0.3936000000000
0.4238490000000
0.4510218297000
0.5100000000000
0.5189916000000
0.5300000000000
0.5679474376300
0.5780748135000
0.5791776731000
0.5840000000000
0.7393370000000
0.9488869612200
0.9502500000000
0.9514335000000
0.1432971684000
0.1900679000000
0.2170122494300
0.2191358700000
0.2300958300000
0.2570000000000
0.3148000000000
0.0558346265000
Case #18:
0.3703703704000
0.6694139626400
0.6700000000000
0.7000000000000
0.7500000000000
0.7520535807500
0.7600000000000
0.7768139361400
0.7800000000000
0.8635560107500
0.8650000000000
0.9011179039700
0.9639169505400
0.9641877461800
0.9716162344700
0.9877560011400
0.9969516842100
0.1364594117300
0.2250000000000
0.2496697552700
0.2561607422500
0.2800000000000
0.0750000000000
0.0136324000000
0.0250000000000
Case #19:
0.3340000000000
0.3387561420000
0.3425968300000
0.3611130000000
0.3700000000000
0.3704972700000
0.3712000000000
0.3900000000000
0.4000000000000
0.4968000000000
0.4974000000000
0.5000000000000
0.5484000000000
0.5740000000000
0.5900000000000
0.6000000000000
0.6133000000000
0.6510000000000
0.6750000000000
0.6777930194000
0.6954732600000
0.7000000000000
0.7023900000000
0.7410000000000
0.7530864200000
0.7530900000000
0.7667100000000
0.7686328400000
0.7738149672400
0.7748937960000
0.7765584520000
0.7767504000000
0.7768700000000
0.7773262000000
0.7777780000000
0.7880000000000
0.8000000000000
0.8400000000000
0.8450000000000
0.8504870000000
0.8506500000000
0.8641980000000
0.8980846416000
0.9000000000000
0.9012345700000
0.9176954740000
0.9176955000000
0.9200000000000
0.9221220000000
0.9227595317000
0.9249098300000
0.9259261000000
0.9300000000000
0.9400000000000
0.9657066510400
0.9886893000000
0.9889244530000
0.9908174210000
0.9917700000000
0.9969600000000
0.1111111120000
0.1111112000000
0.1111120000000
0.1111200000000
0.1204085000000
0.1350000000000
0.1370000000000
0.1475000000000
0.1620000000000
0.2000000000000
0.2260330000000
0.2309099300000
0.2497756100900
0.2565157750400
0.2588059844000
0.2600000000000
0.2606310100000
0.2749000000000
0.2868992100000
0.2880660000000
0.2880700000000
0.3000000000000
0.3086421000000
0.3100000000000
0.3213500000000
0.3219078000000
0.3240528846000
0.3248100000000
0.3251029000000
0.3302837631000
0.3330290000000
0.0616000000000
0.0780000000000
0.0896000000000
0.0900000000000
0.1000000000000
0.1019670000000
0.0150000000000
0.0320000000000
0.0100000000000
Case #20:
0.6707479996200
0.6750000000000
0.6945533197500
0.7000000000000
0.7035866145400
0.7490092658100
0.7500000000000
0.7681793936000
0.9000000000000
0.9011955381800
0.9163400407500
0.9740775403100
0.9743589686600
0.9750000000000
0.2250000000000
0.2496697552700
0.3000000000000
0.3054466802500
0.3305860373600
0.0750000000000
0.0769230940200
0.1000000000000
0.0247256637600
0.0283837655300
0.0367319965800
Case #21:
0.3388711071000
0.3395471200000
0.3704000000000
0.4000000000000
0.4445000000000
0.4580000000000
0.4700000000000
0.5000000000000
0.5524000000000
0.5600000000000
0.5700000000000
0.6000000000000
0.6707819100000
0.6776412310000
0.6780978600000
0.6787080000000
0.6915104500000
0.6918153000000
0.6954732510300
0.6954740000000
0.7000000000000
0.7036547810000
0.7300000000000
0.7370000000000
0.7499201322200
0.7503429360000
0.7530864210000
0.7700000000000
0.7740692026300
0.7745812973800
0.7749175680000
0.7777777778000
0.7777778000000
0.7800000000000
0.7818930100000
0.7819100000000
0.8000000000000
0.8100000000000
0.8297000000000
0.8546595230000
0.8550600000000
0.8556000000000
0.8646000000000
0.8720000000000
0.8890420000000
0.8900000000000
0.8902606311000
0.8972717574000
0.8984797940000
0.9070000000000
0.9101000000000
0.9164405370500
0.9658137030000
0.9670782000000
0.9722603262000
0.9885840790000
0.9885844964000
0.9996487540000
0.9999849470000
0.1111112000000
0.1111200000000
0.1234570000000
0.1450000000000
0.1470000000000
0.1500000000000
0.2000000000000
0.2182000000000
0.2222353940000
0.2223746400000
0.2232440000000
0.2262871110000
0.2300000000000
0.2309100000000
0.2315032259500
0.2345680000000
0.2345700000000
0.2481390000000
0.2500127100000
0.2575822300000
0.2589544276800
0.2592592593000
0.2592592600000
0.2592593000000
0.2976680384100
0.2987000000000
0.2994482000000
0.3000000000000
0.3000565130200
0.3223201100000
0.3237710000000
0.3320124000000
0.3320200000000
0.3332205000000
0.0810000000000
0.1000000000000
0.1010000000000
0.1024399280100
0.1070111008000
0.1110000000000
0.0100000000000
Case #22:
0.3413300000000
0.4043037063100
0.4505100000000
0.4545721019000
0.4984000000000
0.5010500000000
0.5041015190000
0.5041466400000
0.6315787000000
0.6500000000000
0.6669753098800
0.6698179114100
0.6698222380300
0.7009149920700
0.7009602194800
0.7072828739700
0.7355213310000
0.7410926142400
0.7514022811200
0.7530864197600
0.7681793936000
0.7695473251100
0.7777777777800
0.8382868470000
0.8899543824600
0.9011955381800
0.9230769059800
0.9259259259300
0.9573309591100
0.9576188580600
0.9632680034200
0.9750000000000
0.9835373099600
0.9917581120800
0.9922267947000
0.1138039536000
0.1900000000000
0.1952363054800
0.2132182429500
0.2235826665400
0.2250000000000
0.2315177732500
0.2432200500000
0.2500000000000
0.2561607422500
0.2964133854600
0.2990850079300
0.3153400000000
0.3250000000000
0.3305860373600
0.3319628947200
0.0508772220000
0.0546028868600
0.0750000000000
0.0961924532000
0.0988044618200
0.1027409962400
0.0253629065200
0.0283837655300
0.0044566490200
0.0122439988600
Case #23:
0.3777009440100
0.3833050000000
0.5480283366600
0.6210900000000
0.6671239140400
0.6698180565300
0.6877439331700
0.7037037037100
0.7439584075000
0.7500000000000
0.7682056985300
0.7941284800000
0.8000000000000
0.8102400000000
0.8283395340000
0.8832420673000
0.8980507656600
0.9011955381800
0.9012345679100
0.9148487034100
0.9166779276900
0.9190710868500
0.9230769059800
0.9250000000000
0.9370000000000
0.9587141380000
0.9716162344700
0.9740775403100
0.9753086419800
0.9971155363100
0.9986000000000
0.1111111111200
0.1509616430200
0.1652747364300
0.2333322670600
0.2336383306900
0.2485947161900
0.2501143118500
0.2507185390500
0.2554538897700
0.2561607422500
0.2688375452900
0.2964133854600
0.2966418870000
0.3246223591000
0.3251028806600
0.3272959000000
0.3305860373600
0.0500000000000
0.0530735173000
0.0673180000000
0.0750000000000
0.0769230940200
0.0836599592500
0.0873728525300
0.0988044618200
0.1000000000000
0.0250000000000
0.0367319965800
0.0054309080000
0.0101249926200
Case #24:
0.3590490535700
0.3631755719500
0.3884267970900
0.4370393520100
0.4402685101400
0.4655103912500
0.4899088191200
0.5032345033400
0.5332295889300
0.5655367487900
0.6419768717800
0.6667042353400
0.6983810976600
0.7096150564300
0.7461727655100
0.7959145958600
0.8537505078700
0.9521243720900
0.9852240607100
0.9906267868800
0.2963808112700
0.0531899581300
0.1075913284900
0.0278591373200
0.0071139838100
Case #25:
0.3400000000000
0.3431000000000
0.3704000000000
0.3999000000000
0.4080000000000
0.4200000000000
0.5000000000000
0.5453000000000
0.6117000000000
0.6400000000000
0.6668140647000
0.6677336000000
0.6698297648000
0.6942600000000
0.6962000000000
0.7000000000000
0.7037037100000
0.7037040000000
0.7037100000000
0.7411979881200
0.7436366410000
0.7444483000000
0.7663973987800
0.7685000000000
0.7695473260000
0.7748875230000
0.7777777777800
0.7777777800000
0.7777778000000
0.7777780000000
0.7777800000000
0.7818940000000
0.7999000000000
0.8000000000000
0.8140000000000
0.8321917730000
0.8322110000000
0.8476000000000
0.8512000000000
0.8536702000000
0.8560000000000
0.8600000000000
0.8602000000000
0.8917835350000
0.9140023700000
0.9146471600000
0.9177100000000
0.9190271000000
0.9327000000000
0.9670652270000
0.9751617400000
0.9880613904000
0.9917696000000
0.9978342100000
0.9998833400000
0.9999611200000
0.1111111200000
0.1221100000000
0.1234568100000
0.1235000000000
0.1680000000000
0.1945000000000
0.2000000000000
0.2235488041100
0.2254229538200
0.2259197200000
0.2286000000000
0.2318244180000
0.2481498420000
0.2484377390000
0.2505885000000
0.2512000000000
0.2572441000000
0.2579214571000
0.2589418840000
0.2592610000000
0.2606320000000
0.2973632069000
0.2976178603800
0.2994965633000
0.3057860000000
0.3077274805700
0.3083380000000
0.3086419800000
0.3086420000000
0.3113000000000
0.3218000000000
0.3223443500000
0.3223594000000
0.3247942900000
0.3251100000000
0.3301678889800
0.3322709000000
0.0920000000000
0.1000000000000
0.1028806600000
0.1074027700000
0.1101000000000
0.1109754703800
0.0020000000000
Case #26:
0.3475283065700
0.3749702780500
0.4051651209900
0.4556654524200
0.4645850733900
0.5137515070800
0.5160821975900
0.5329760635900
0.5362695870800
0.5629284389500
0.5630225441400
0.5845990162100
0.6046867028100
0.6694139626400
0.6707479996200
0.6750000000000
0.6776443266400
0.6945533197500
0.7000000000000
0.7009149920700
0.7092984356200
0.7296810472500
0.7445461102300
0.7447325040200
0.7490092658100
0.7500000000000
0.7503302447300
0.7520535807500
0.7628524369600
0.7663616693100
0.7728998817900
0.7750000000000
0.7764173334600
0.8323270040600
0.8356570127500
0.8433603824500
0.8643507861300
0.8717122872200
0.8892401563800
0.9000000000000
0.9011955381800
0.9148487034100
0.9163400407500
0.9230769059800
0.9250000000000
0.9455412703100
0.9490631542700
0.9632680034200
0.9740775403100
0.9743589686600
0.9750000000000
0.9752743362400
0.9804280157600
0.9877560011400
0.9971155363100
0.9996149758300
0.2113560585400
0.2175048384800
0.2226491557900
0.2235826665400
0.2250000000000
0.2315177732500
0.2318206064000
0.2336383306900
0.2479464192500
0.2496697552700
0.2500000000000
0.2509907341900
0.2554538897700
0.2561607422500
0.2588057778200
0.2870874560800
0.2964133854600
0.2985850443700
0.2990850079300
0.2999557078500
0.3000000000000
0.3033372894800
0.3250000000000
0.3292520003800
0.3305860373600
0.0646817956500
0.0750000000000
0.0769230940200
0.0822354874300
0.0836599592500
0.0851512965900
0.0942837955700
0.0988044618200
0.1000000000000
0.0188325235700
0.0191537020300
0.0247256637600
0.0250000000000
0.0256410313400
0.0259224596900
0.0367319965800
0.0082418879200
0.0122439988600
0.0028844636900
Case #27:
0.3398900000000
0.4950000000000
0.5100000000000
0.6900000000000
0.6927297700000
0.7036685257400
0.7110000000000
0.7490219990000
0.7726351600000
0.7764179531000
0.8800000000000
0.9250114320000
0.9700000000000
0.1235000000000
0.2234930000000
0.2472537225300
0.2605138680000
0.2757596290000
0.2880660000000
0.3045800000000
0.3180000000000
0.3251100000000
0.0524000000000
0.1000000000000
0.1025415390000
Case #28:
0.3338840996700
0.3414939989200
0.3577880943100
0.3580396608800
0.3689205194100
0.3753814752500
0.4931012029200
0.5296911679300
0.5378650790400
0.5407786718600
0.5587247215800
0.5628021261100
0.5649940827300
0.5832248638500
0.6576560602900
0.6620937440600
0.6707479996200
0.6750000000000
0.6794290750200
0.6844165431800
0.6945533197500
0.7000000000000
0.7009149920700
0.7035866145400
0.7320926526400
0.7411942221800
0.7438392577500
0.7445461102300
0.7490092658100
0.7500000000000
0.7503302447300
0.7520535807500
0.7580103158800
0.7643234861200
0.7663616693100
0.7684822267500
0.7715036203200
0.7750000000000
0.7895274525800
0.7995378515200
0.8500920250300
0.8868024536600
0.8892401563800
0.9000000000000
0.9011955381800
0.9148487034100
0.9174065516700
0.9230769059800
0.9250000000000
0.9470992199500
0.9488827439400
0.9632680034200
0.9716162344700
0.9743589686600
0.9750000000000
0.9752743362400
0.9798539953500
0.9877560011400
0.9917581120800
0.9971155363100
0.1139198396700
0.1995396538400
0.2235826665400
0.2250000000000
0.2315177732500
0.2318206064000
0.2363439116900
0.2465517797500
0.2479464192500
0.2496697552700
0.2500000000000
0.2509907341900
0.2554538897700
0.2583179486500
0.2588057778200
0.2964133854600
0.2990850079300
0.3000000000000
0.3054466802500
0.3250000000000
0.3287937524600
0.3292520003800
0.3305860373600
0.0466461139900
0.0726592969700
0.0750000000000
0.0851512965900
0.0988044618200
0.1000000000000
0.1060946067600
0.1107598436200
0.0247256637600
0.0250000000000
0.0256410313400
0.0259224596900
0.0283837655300
0.0082418879200
0.0090082039500
0.0122439988600
0.0028844636900
Case #29:
0.3547421272100
0.3661769750200
0.3703703704000
0.3777295000000
0.4423456959500
0.5000000000000
0.5049915000000
0.5600000000000
0.5899508095700
0.6503800100000
0.6620000000000
0.6731690000000
0.6750000000000
0.6825845546400
0.6950668089300
0.7037037037100
0.7438392577500
0.7524626099500
0.7664990093100
0.7684822267500
0.7764173334600
0.7777777777800
0.8000000000000
0.8440400000000
0.8463757656400
0.8892401563800
0.8926940570600
0.9000000000000
0.9011955381800
0.9581268756700
0.9743305353900
0.9743589686600
0.9840000000000
0.9962323624200
0.1200000000000
0.1234567902000
0.1236261420000
0.1480765880100
0.1706759918700
0.2094485805600
0.2234534193700
0.2235826665400
0.2250000000000
0.2336383306900
0.2510275521400
0.2561607422500
0.2964133854600
0.3000000000000
0.3055769335100
0.3246498363100
0.3292520003800
0.0851512965900
0.1079233963800
0.1083676268900
0.0214733000000
0.0250000000000
0.0367319965800
0.0122439988600
Case #30:
0.3477863520000
0.3633899499600
0.3697308330000
0.3711480604300
0.4682600000000
0.4885506100000
0.5140000000000
0.5278000000000
0.5330189671100
0.5446068137200
0.5461072299500
0.5892331000000
0.5900000000000
0.6320000000000
0.6522461282900
0.6535702913600
0.6667687650400
0.6669771415600
0.6707474446500
0.6954732510300
0.7000000000000
0.7008247387800
0.7035866145400
0.7037037037100
0.7274271046500
0.7380445712200
0.7411942221800
0.7445461102300
0.7489881285100
0.7490092658100
0.7499406911000
0.7520535807500
0.7530864197600
0.7590519500000
0.7623877009600
0.7664939398800
0.7750000000000
0.7764173334600
0.7893000000000
0.8011193270000
0.8356322891000
0.8770013700000
0.8838332910000
0.8892401563800
0.8899093847400
0.8928973320300
0.9011955381800
0.9012345679100
0.9067468367800
0.9163400407500
0.9230769059800
0.9250000000000
0.9491156033000
0.9670426465300
0.9670614148600
0.9740775403100
0.9880000000000
0.9908433443800
0.9917212862200
0.9972565157800
0.9998679060300
0.1128254933000
0.1146720417100
0.1152198881700
0.1228995007900
0.1840000000000
0.1932435000000
0.2066297000000
0.2235826665400
0.2318206064000
0.2318244170100
0.2458160000000
0.2479464192500
0.2509907341900
0.2554538897700
0.2677913063100
0.2850049834000
0.2990850079300
0.3000000000000
0.3054456113500
0.3054466802500
0.3163602714500
0.3250000000000
0.3305860373600
0.0403732099000
0.0592552064100
0.0668319400000
0.0790000000000
0.0836599592500
0.0851512965900
0.1024700176200
0.1058404400000
0.1068094441800
0.1088802192600
0.0158754441300
0.0250000000000
0.0259224596900
0.0283837655300
0.0367319965800
0.0082418879200
Case #31:
0.3343241467400
0.3388472474100
0.3576836898000
0.3596543781600
0.3603593840200
0.3690018687100
0.3703703704000
0.4000000000000
0.4153290000000
0.4457472729500
0.4527900000000
0.4577000000000
0.4921199786500
0.5000000000000
0.5202943822600
0.5343252485500
0.5516156153700
0.5635476956900
0.5749370787000
0.6294000000000
0.6319000000000
0.6332481898200
0.6514133390900
0.6707479996200
0.6750000000000
0.6750491169900
0.6776914088300
0.6923191277100
0.6927184767500
0.7032922264100
0.7411942221800
0.7420974225600
0.7438392577500
0.7482098225800
0.7520703144900
0.7644422864700
0.7654488944700
0.7684822267500
0.7768632830400
0.7802554000000
0.7866911000000
0.8149537527600
0.8235533202000
0.8258333839900
0.8438076200000
0.8500000000000
0.8516846790000
0.8525000000000
0.8653173150000
0.8892401563800
0.8929025047100
0.8929589550100
0.9061165256300
0.9147152307300
0.9148487034100
0.9163400407500
0.9167809785100
0.9230769059800
0.9632680034200
0.9646550658600
0.9725651577600
0.9740000000000
0.9740775403100
0.9750000000000
0.9877560011400
0.9917581120800
0.1193592912400
0.1234567902000
0.1235613050000
0.1393960541600
0.2336383306900
0.2479464192500
0.2500000000000
0.2565157750400
0.2592592592600
0.2596148962000
0.2744629493000
0.2964133854600
0.2990850079300
0.3000000000000
0.3009190718800
0.3045280191400
0.3049499378400
0.3083371437300
0.3250000000000
0.3292520003800
0.3332164835600
0.0495240000000
0.0836599592500
0.0851512965900
0.0935747780700
0.1000000000000
0.1107598436200
0.0129919110000
0.0256410313400
0.0283837655300
0.0367319965800
0.0367725797300
0.0082418879200
0.0122439988600
Case #32:
0.3689198848400
0.4178600897200
0.4231991874100
0.4394268009700
0.4894995359200
0.4952584418700
0.5183993688200
0.5390870199800
0.5732951675400
0.5769899555400
0.5780366119800
0.6519714762300
0.6694139626400
0.6707479996200
0.6750000000000
0.6901937362100
0.6945533197500
0.7000000000000
0.7009149920700
0.7035866145400
0.7075274152600
0.7148533417800
0.7255330743600
0.7411942221800
0.7427312008100
0.7445461102300
0.7462135333400
0.7490092658100
0.7500000000000
0.7503302447300
0.7520535807500
0.7569596618400
0.7663616693100
0.7681793936000
0.7750000000000
0.7763053041600
0.7764173334600
0.8573709970100
0.8577173507400
0.8841404469900
0.8892401563800
0.9000000000000
0.9011955381800
0.9148487034100
0.9230769059800
0.9250000000000
0.9382298452700
0.9435159332400
0.9632680034200
0.9716162344700
0.9743589686600
0.9750000000000
0.9752743362400
0.9783674706900
0.9787045977900
0.9877560011400
0.9971155363100
0.1238796742100
0.1339753263700
0.1364407645500
0.1950203873500
0.2235826665400
0.2250000000000
0.2315177732500
0.2318206064000
0.2475698207100
0.2479464192500
0.2496697552700
0.2500000000000
0.2509907341900
0.2554538897700
0.2561607422500
0.2588057778200
0.2628901110900
0.2741941390600
0.2964133854600
0.2983982735500
0.3000000000000
0.3028451094300
0.3054466802500
0.3065758958700
0.3084184921900
0.3250000000000
0.3292520003800
0.3325771614800
0.0750000000000
0.0769230940200
0.0836599592500
0.0851512965900
0.0988044618200
0.1000000000000
0.1107598436200
0.0188129535600
0.0247256637600
0.0250000000000
0.0256410313400
0.0259224596900
0.0082418879200
0.0122439988600
0.0028844636900
Case #33:
0.4757000000000
0.4827000000000
0.6927310000000
0.7037037040000
0.7530864197600
0.7530864210000
0.7777777780000
0.8010000000000
0.8280000000000
0.8600000000000
0.8898529293000
0.8930041152300
0.9000000000000
0.9003210000000
0.9166800000000
0.9259259261000
0.9400000000000
0.9430000000000
0.9669272380000
0.9959355789300
0.1111200000000
0.1809000000000
0.2000000000000
0.2482854000000
0.3086419760000
Case #34:
0.3453428084200
0.3810394760000
0.4028644970000
0.4146000000000
0.4164651406200
0.5002581009200
0.5125062525600
0.5300000000000
0.5317149142700
0.5673436690000
0.5800000000000
0.5934195790000
0.6568640000000
0.6587225516400
0.6671239140400
0.6694139626400
0.6707479996200
0.6749027643800
0.6776569811300
0.7000000000000
0.7035866145400
0.7100000000000
0.7241050029500
0.7334373823800
0.7360693705100
0.7445461102300
0.7490092658100
0.7520535807500
0.7629712821300
0.7652746295300
0.7663616693100
0.7681793936000
0.7686611531600
0.7740181882900
0.7777777777800
0.7858393005400
0.7900000000000
0.8000000000000
0.8337143729000
0.8356336828000
0.8455238662300
0.8641975309000
0.8786200000000
0.8930041152300
0.8971532349700
0.9000000000000
0.9012006977300
0.9148487034100
0.9148503785100
0.9230769059800
0.9250000000000
0.9259259259300
0.9510002120000
0.9518172080500
0.9630137682300
0.9830141422200
0.9877560011400
0.9880764282500
0.9917581120800
0.9928630000000
0.1200000000000
0.1541336491000
0.1700000000000
0.1792160000000
0.1891033000000
0.2000000000000
0.2075954619800
0.2211943582600
0.2225320776300
0.2231820839200
0.2235826665400
0.2240000000000
0.2250108738600
0.2260326169800
0.2318206064000
0.2332302383800
0.2496697552700
0.2509907341900
0.2619688816800
0.2642690755800
0.2745365910000
0.2789208963000
0.2964133854600
0.2990850079300
0.3000000000000
0.3048317362900
0.3159088385400
0.3250000000000
0.3292520003800
0.3305860373600
0.0530000000000
0.0836599592500
0.0851512965900
0.0862238527000
0.1019281068600
0.1053077200000
0.0210070624200
0.0259224596900
0.0283837655300
0.0082418879200
Case #35:
0.3448000000000
0.3703800000000
0.3800000000000
0.4800000000000
0.7200000000000
0.7421130000000
0.7442980000000
0.7448561000000
0.7530864210000
0.7777777777800
0.7777800000000
0.8519876000000
0.8641980000000
0.8930041200000
0.9712064481000
0.9917700000000
0.9983235000000
0.1111111112000
0.1130000000000
0.1970000000000
0.2564802323000
0.2580399330000
0.3000000000000
0.3075903272700
0.3240754853400
Case #36:
0.3504644106700
0.3547016958400
0.4069806332900
0.4104857663700
0.4218279019600
0.4796664918200
0.4891364457900
0.4991629894800
0.5145194311500
0.5254293952500
0.5653644810900
0.5700208788700
0.5756150631500
0.5861641605700
0.6046345810200
0.6381610932500
0.6694139626400
0.6707479996200
0.6709248228300
0.6750000000000
0.6945533197500
0.6994830249400
0.7000000000000
0.7009149920700
0.7015534545400
0.7035866145400
0.7075249384100
0.7411942221800
0.7438392577500
0.7445461102300
0.7490092658100
0.7500000000000
0.7503302447300
0.7520535807500
0.7663616693100
0.7681793936000
0.7734731827400
0.7750000000000
0.7764173334600
0.7881482894800
0.7908685080100
0.8095106101800
0.8892401563800
0.9000000000000
0.9163400407500
0.9250000000000
0.9431437408700
0.9597275968300
0.9632680034200
0.9716162344700
0.9740775403100
0.9741312698100
0.9743589686600
0.9750000000000
0.9752743362400
0.9877560011400
0.9916322620700
0.9917581120800
0.9971155363100
0.1199987726600
0.1311015050100
0.1512883200600
0.1590956097800
0.1677510633200
0.2250000000000
0.2315177732500
0.2318206064000
0.2336383306900
0.2355246509400
0.2479464192500
0.2500000000000
0.2509907341900
0.2522107461100
0.2561607422500
0.2588057778200
0.2964133854600
0.2990850079300
0.3000000000000
0.3084964972500
0.3090927153800
0.3250000000000
0.3259488221900
0.3292520003800
0.3305860373600
0.0646249350800
0.0750000000000
0.0769230940200
0.0836599592500
0.0851512965900
0.1000000000000
0.1107598436200
0.0242501834800
0.0247256637600
0.0250000000000
0.0256410313400
0.0259224596900
0.0283837655300
0.0367319965800
0.0082418879200
0.0028844636900
Case #37:
0.6694139626400
0.6707479996200
0.6945533197500
0.7009149920700
0.7035866145400
0.7411942221800
0.7438392577500
0.7445461102300
0.7490092658100
0.7503302447300
0.7520535807500
0.7663616693100
0.7681793936000
0.7684822267500
0.7764173334600
0.8892401563800
0.9011955381800
0.9148487034100
0.9163400407500
0.9230769059800
0.9632680034200
0.9716162344700
0.9740775403100
0.9743589686600
0.9752743362400
0.9877560011400
0.9917581120800
0.9971155363100
0.2235826665400
0.2315177732500
0.2318206064000
0.2336383306900
0.2479464192500
0.2496697552700
0.2509907341900
0.2554538897700
0.2561607422500
0.2588057778200
0.2964133854600
0.2990850079300
0.3054466802500
0.3292520003800
0.3305860373600
0.0769230940200
0.0836599592500
0.0851512965900
0.0988044618200
0.1107598436200
0.0247256637600
0.0256410313400
0.0259224596900
0.0283837655300
0.0367319965800
0.0082418879200
0.0122439988600
0.0028844636900
Case #38:
0.7009149920700
0.7490092658100
0.7500000000000
0.7503302447300
0.7684822267500
0.9000000000000
0.9230769059800
0.9250000000000
0.9632680034200
0.9743589686600
0.9750000000000
0.9877560011400
0.9971155363100
0.2250000000000
0.2509907341900
0.3054466802500
0.3250000000000
0.0750000000000
0.0769230940200
0.0836599592500
0.1000000000000
0.0247256637600
0.0250000000000
0.0259224596900
0.0082418879200
Case #39:
0.3429355282000
0.3545782400000
0.3627952732500
0.3703703704000
0.4115226340000
0.4567400510200
0.4973500060400
0.4984050754800
0.5024667176800
0.5054194000000
0.5086136926500
0.5520921748500
0.5659584362100
0.5814811690000
0.5815481100000
0.6265171662400
0.6308018761200
0.6691953695000
0.6694139626400
0.6707479996200
0.6800000000000
0.6905800000000
0.6918152720700
0.6945533197500
0.7000000000000
0.7008586089600
0.7236309415000
0.7347409095000
0.7411979881200
0.7500000000000
0.7530864197600
0.7618841301900
0.7665573404900
0.7796310000000
0.7814372031000
0.7896615511600
0.7998615100000
0.8244168092000
0.8917795850700
0.8975765889400
0.9011955381800
0.9025843402900
0.9137159194900
0.9148487034100
0.9176954732600
0.9219127801800
0.9230769059800
0.9259259259300
0.9454641000000
0.9627085310000
0.9716162344700
0.9740775403100
0.9743589686600
0.9750000000000
0.9877560011400
0.9987429727900
0.1132413779000
0.1234567902000
0.1840000000000
0.1849530000000
0.2000000000000
0.2020429224600
0.2107870000000
0.2120000000000
0.2235826665400
0.2315177732500
0.2318206064000
0.2496697552700
0.2505758826900
0.2509907341900
0.2561607422500
0.2572000000000
0.2588150425200
0.2758725804000
0.2915675252200
0.2990850079300
0.3000000000000
0.3086419753100
0.3095652246800
0.3223205084600
0.3250000000000
0.3263405775500
0.0460800000000
0.0528600000000
0.0737359833000
0.0750000000000
0.0761027709900
0.0765082846100
0.0769230940200
0.0836599592500
0.0988044618200
0.1001371742200
0.1080509012600
0.1100000000000
0.0139049484500
0.0247256637600
0.0256410313400
0.0259224596900
0.0283837655300
0.0122439988600
Case #40:
0.7000000000000
0.7009149920700
0.7411942221800
0.7445461102300
0.7500000000000
0.7503302447300
0.7663616693100
0.7750000000000
0.9000000000000
0.9750000000000
0.2336383306900
0.2496697552700
0.2964133854600
0.3000000000000
0.0750000000000
0.0836599592500
0.0851512965900
0.0988044618200
0.1000000000000
0.1107598436200
0.0250000000000
0.0259224596900
0.0367319965800
0.0082418879200
0.0028844636900
Case #41:
0.6707479996200
0.6750000000000
0.7000000000000
0.7035866145400
0.7500000000000
0.7503302447300
0.7520535807500
0.7750000000000
0.7764173334600
0.8892401563800
0.9000000000000
0.9632680034200
0.9716162344700
0.9740775403100
0.9743589686600
0.9752743362400
0.2318206064000
0.2336383306900
0.2479464192500
0.2500000000000
0.2990850079300
0.3000000000000
0.3250000000000
0.0750000000000
0.0250000000000
Case #42:
0.3340000000000
0.3490000000000
0.3670000000000
0.3703703704000
0.3703703800000
0.3703710000000
0.3703800000000
0.4116000000000
0.4230000000000
0.4800000000000
0.4930000000000
0.5000000000000
0.5772000000000
0.5800000000000
0.6000000000000
0.6340000000000
0.6600000000000
0.6707818931000
0.6786059036000
0.6862000000000
0.6945545300000
0.7037038000000
0.7037100000000
0.7270000000000
0.7417625000000
0.7436366500000
0.7438410000000
0.7447110000000
0.7490897410000
0.7503937410000
0.7518670940000
0.7600000000000
0.7657539000000
0.7664660000000
0.7668100000000
0.7741198100000
0.7746166000000
0.7777778000000
0.7940000000000
0.8000000000000
0.8642000000000
0.8780000000000
0.8800000000000
0.8893500000000
0.8930041153000
0.9012345680000
0.9012350000000
0.9139358837600
0.9149520000000
0.9176954732600
0.9259259300000
0.9263012940000
0.9400000000000
0.9633863500000
0.9739877100000
0.9749881375100
0.9753086419800
0.9877861000000
0.9905600000000
0.9908550530000
0.9916554000000
0.9917710000000
0.9971045408000
0.9990856000000
0.9997100000000
0.1111111200000
0.1111112000000
0.1234600000000
0.1371743000000
0.1900000000000
0.2000000000000
0.2080000000000
0.2204000000000
0.2223800000000
0.2235100000000
0.2250685791700
0.2261888658200
0.2315195860000
0.2470548000000
0.2510289000000
0.2514860540000
0.2565158000000
0.2870130000000
0.2976680400000
0.2990570000000
0.3000000000000
0.3004120000000
0.3046791700000
0.3086419800000
0.3086421000000
0.3241900000000
0.3246851500000
0.3246909872000
0.3247990000000
0.0560000000000
0.0585000000000
0.0900000000000
0.1000000000000
0.1028807000000
0.0040000000000
Case #43:
0.4410000000000
0.5000000000000
0.5676000000000
0.6314000000000
0.7037037040000
0.7037038000000
0.7510000000000
0.7745812302700
0.7783000000000
0.7788071000000
0.8368000000000
0.8693000000000
0.8847000000000
0.8984910840000
0.9246049900000
0.9460000000000
0.9602210000000
0.9750100000000
0.9753086419800
0.1111111111200
0.1271000000000
0.2231900000000
0.2318300000000
0.2480000000000
0.2510288066000
Case #44:
0.3786057940400
0.3825196784500
0.4303237137300
0.4314987620900
0.4423226095500
0.4638370349700
0.4777940770500
0.4909407112500
0.5808519104600
0.6005273895700
0.6169376442400
0.6837234570700
0.6856456226600
0.7664811725900
0.7697697081700
0.8130467016800
0.8816615427900
0.8934477415100
0.9097011294500
0.1158310556500
0.1784779735400
0.2468187610200
0.3283197840600
0.3300741934700
0.0655031433800
Case #45:
0.3728890000000
0.3811605950000
0.4078988900000
0.4553380000000
0.5000000000000
0.5070000000000
0.5211600000000
0.5859654600000
0.5915000000000
0.6000000000000
0.6827120000000
0.7425473459000
0.9000000000000
0.9378641460000
0.9482850738700
0.9546998000000
0.1280000000000
0.1378916906800
0.2381529841000
0.2396000000000
0.2542000000000
0.2762990000000
0.0412263150100
0.0665339100000
0.0229000000000
Case #46:
0.6694139626400
0.6707479996200
0.6750000000000
0.6945533197500
0.7000000000000
0.7009149920700
0.7035866145400
0.7411942221800
0.7438392577500
0.7445461102300
0.7490092658100
0.7500000000000
0.7503302447300
0.7520535807500
0.7663616693100
0.7681793936000
0.7684822267500
0.7750000000000
0.7764173334600
0.8892401563800
0.9000000000000
0.9011955381800
0.9148487034100
0.9163400407500
0.9230769059800
0.9250000000000
0.9632680034200
0.9716162344700
0.9740775403100
0.9743589686600
0.9750000000000
0.9752743362400
0.9877560011400
0.9917581120800
0.9971155363100
0.2235826665400
0.2250000000000
0.2315177732500
0.2318206064000
0.2336383306900
0.2479464192500
0.2496697552700
0.2500000000000
0.2509907341900
0.2554538897700
0.2561607422500
0.2588057778200
0.2964133854600
0.2990850079300
0.3000000000000
0.3054466802500
0.3250000000000
0.3292520003800
0.3305860373600
0.0750000000000
0.0769230940200
0.0836599592500
0.0851512965900
0.0988044618200
0.1000000000000
0.1107598436200
0.0247256637600
0.0250000000000
0.0256410313400
0.0259224596900
0.0283837655300
0.0367319965800
0.0082418879200
0.0122439988600
0.0028844636900
Case #47:
0.3644665184300
0.4071423714500
0.4868891416600
0.5081108268700
0.5591020538100
0.5612594110200
0.5697285393600
0.5813686200800
0.6434980849200
0.6796315817800
0.6806476357900
0.7039871100900
0.8149502274400
0.8429574384200
0.9326092429800
0.9951085922800
0.9993261838900
0.1190837745100
0.1361804547500
0.1517156265100
0.1919897903500
0.2040592037800
0.2142072391300
0.2455241626900
0.0626798573700
Case #48:
0.3400000000000
0.3419200000000
0.3703800000000
0.4000000000000
0.4100000000000
0.4115300000000
0.4116000000000
0.4216000000000
0.4330000000000
0.4712000000000
0.5280000000000
0.5696000000000
0.6000000000000
0.6680384088000
0.6680400000000
0.6694608950000
0.6698340000000
0.6698673990000
0.6700000000000
0.6704375710000
0.6749328800000
0.6786046510000
0.6954740000000
0.6954800000000
0.7000000000000
0.7005073627000
0.7006436810000
0.7009603000000
0.7032615330000
0.7400000000000
0.7448600000000
0.7544590000000
0.7654327300000
0.7695510000000
0.7697100000000
0.7768632830400
0.7777777777800
0.7777777800000
0.7777780000000
0.7777800000000
0.7800000000000
0.8000000000000
0.8323053000000
0.8560000000000
0.8641976000000
0.8660000000000
0.8687701000000
0.8877000000000
0.8900000000000
0.8904000000000
0.8919422695700
0.8980715410000
0.9000000000000
0.9012350000000
0.9163243590000
0.9174100000000
0.9175825730000
0.9246051000000
0.9258128214600
0.9259259261000
0.9543000000000
0.9712103510000
0.9748909098100
0.9880000000000
0.9887213000000
0.1111111120000
0.1111111200000
0.1111112000000
0.1192293000000
0.1234567902000
0.1380000000000
0.1500000000000
0.2222264734200
0.2260330000000
0.2300000000000
0.2341572780000
0.2345679013000
0.2345679100000
0.2350000000000
0.2470659970000
0.2596130380000
0.2596149000000
0.2791000000000
0.2880658440000
0.2896000000000
0.3004116000000
0.3004200000000
0.3048900000000
0.3140000000000
0.3219416650000
0.3327744760000
0.3327745000000
0.0740000000000
0.0879000000000
0.1000000000000
0.1070500000000
0.1074600000000
0.1082171100000
0.1083182900000
0.0028000000000
Case #49:
0.3349100000000
0.3350500000000
0.4172653631000
0.4669999291000
0.5200000000000
0.5509670000000
0.5963450000000
0.6380129825300
0.6798912887700
0.7001345700000
0.7913000000000
0.7939473430000
0.8004880000000
0.8251743988000
0.9318480000000
0.9500000000000
0.9798700000000
0.1223741000000
0.1388960000000
0.1522067976900
0.1600000000000
0.2908521200000
0.3058000000000
0.3100000000000
0.0821000000000
Case #50:
0.4224592643600
0.4241470130500
0.4441960390700
0.5060981889200
0.5100497165600
0.5457478400100
0.6504243399200
0.6531862318700
0.6649625601200
0.6694139626400
0.6707479996200
0.6750000000000
0.6761609565100
0.6762540583400
0.6949257028300
0.7000000000000
0.7009149920700
0.7035866145400
0.7411942221800
0.7438392577500
0.7445461102300
0.7490092658100
0.7500000000000
0.7503302447300
0.7520535807500
0.7681793936000
0.7684822267500
0.7709532877100
0.7750000000000
0.7764173334600
0.8225802770400
0.8269596050500
0.8296955019400
0.8431001782500
0.8583849912900
0.8592740215900
0.8845291908500
0.8891305722500
0.8892401563800
0.9000000000000
0.9011955381800
0.9163400407500
0.9182516142100
0.9230769059800
0.9242903584500
0.9250000000000
0.9362381297100
0.9377330513200
0.9508839369100
0.9518155912300
0.9632680034200
0.9716162344700
0.9740775403100
0.9743589686600
0.9750000000000
0.9752743362400
0.9877560011400
0.9917581120800
0.1234541043700
0.1249300394900
0.1497134056900
0.1593818758700
0.2187758776800
0.2195331102400
0.2235826665400
0.2250000000000
0.2315177732500
0.2318206064000
0.2336383306900
0.2479464192500
0.2496697552700
0.2500000000000
0.2509907341900
0.2554538897700
0.2618477593700
0.2876545294700
0.2964133854600
0.2990018204200
0.2990850079300
0.3000000000000
0.3054466802500
0.3235611738600
0.3250000000000
0.3292520003800
0.3305860373600
0.0750000000000
0.0836599592500
0.0851512965900
0.0988044618200
0.1000000000000
0.1107598436200
0.0142157872500
0.0159658942600
0.0247256637600
0.0250000000000
0.0256410313400
0.0259224596900
0.0280425360400
0.0367319965800
0.0082418879200
Case #51:
0.4318734300400
0.5000000000000
0.5120000000000
0.6694139626400
0.7000000000000
0.7382370900000
0.7438392577500
0.7500000000000
0.7520349885300
0.7530864197600
0.9163400407500
0.9249612015300
0.9257904452300
0.9404700000000
0.9740775403100
0.9750000000000
0.9917581120800
0.9969516842100
0.2010617693900
0.2250000000000
0.3054466802500
0.3250000000000
0.3303533852000
0.0894100700000
0.0141893453000
Case #52:
0.3387582065000
0.3420469927200
0.3421300000000
0.3448000000000
0.3607035008900
0.4110000000000
0.4274732800000
0.4345264440000
0.4433655400900
0.5035599717200
0.5361129437800
0.5815560277500
0.5955739910900
0.6350000000000
0.6499230000000
0.6575612560000
0.6695174064500
0.6707479996200
0.6750000000000
0.6758624193500
0.6777779504600
0.7000000000000
0.7411942221800
0.7439263057800
0.7448559670800
0.7503302447300
0.7515266483900
0.7520535807500
0.7620831600000
0.7639925000000
0.7681793936000
0.7777777777800
0.7802224848600
0.8100000000000
0.8265584271000
0.8356950115000
0.8506494607000
0.9000000000000
0.9139308659600
0.9148499138900
0.9163400407500
0.9230769059800
0.9257885653100
0.9259259259300
0.9404000203800
0.9613074860400
0.9716162344700
0.9753086419800
0.9784248500000
0.9856860963100
0.9904147403100
0.9907515681300
0.9917581120800
0.9960019179900
0.1370000000000
0.1413669000000
0.1583563056600
0.1641489500000
0.1672160000000
0.1869958169200
0.1979728000000
0.1983148217600
0.2000000000000
0.2067770438600
0.2235826665400
0.2315177732500
0.2316762008100
0.2336383306900
0.2479464192500
0.2509907341900
0.2554538897700
0.2561607422500
0.2564141645100
0.2585333297800
0.2588057778200
0.2866922285000
0.2990780189100
0.2990850079300
0.3000000000000
0.3100000000000
0.3105784620400
0.3240866360100
0.3250000000000
0.0390000000000
0.0582500000000
0.0723935675100
0.0750000000000
0.0769230940200
0.0836599592500
0.0851512965900
0.0857000000000
0.1019195580100
0.1027409342900
0.1028806584400
0.0256410313400
0.0259012402600
0.0283837655300
0.0367319965800
0.0028844636900
0.0032696633800
Case #53:
0.3837000796300
0.4542835659200
0.4938357462900
0.5154237510000
0.6000000000000
0.6283804400000
0.6623155410800
0.6703754509100
0.6707479996200
0.6913622706700
0.7164830788200
0.7168524000000
0.7520535807500
0.7525977700000
0.7530864197600
0.7640000000000
0.7658893461400
0.7663635286100
0.7745826376800
0.7750000000000
0.8892401563800
0.8902479419500
0.8938731991300
0.8971661976300
0.8992167500600
0.9000000000000
0.9148487034100
0.9258920557600
0.9725651577600
0.9917581120800
0.1505400000000
0.1993557194000
0.2022312287900
0.2143200000000
0.2336178637200
0.2481492325100
0.2500000000000
0.2554538897700
0.2561607422500
0.2844580269400
0.2964133854600
0.2991532393100
0.3036900000000
0.0591236481600
0.0722915240000
0.0750000000000
0.0836599592500
0.0844009000000
0.0904926815400
0.1028806584400
0.0221653702900
0.0247256637600
0.0250000000000
0.0259224596900
0.0283837655300
0.0367319965800
0.0028844636900
Case #54:
0.3708800000000
0.3860000000000
0.4000000000000
0.4263000000000
0.6915200000000
0.7009603000000
0.7417060410000
0.7657877360000
0.7777800000000
0.7819100000000
0.8300000000000
0.8930100000000
0.9167809790000
0.9172721142000
0.9496430000000
0.9633080000000
0.9749908477400
0.9751919800000
0.9987900000000
0.1294000000000
0.1816000000000
0.2345681000000
0.2510000000000
0.2976680384100
0.0900000000000
Case #55:
0.4365474530000
0.5000000000000
0.5040621175300
0.5450000000000
0.5798113752600
0.5903463775900
0.5939440213200
0.6137816261000
0.6231269530800
0.6694139626400
0.6707479996200
0.6750000000000
0.6758624193500
0.7173293900000
0.7500000000000
0.7501707850000
0.7658893461400
0.7663616693100
0.7684822267500
0.8241796940000
0.9229801291900
0.9240000000000
0.9658249928100
0.9853040000000
0.9877560011400
0.9888754825300
0.9890260631100
0.9987806736800
0.1145527341300
0.1300000000000
0.2050000000000
0.2203000000000
0.2226947520000
0.2250000000000
0.2259874567500
0.2436434656400
0.2554538897700
0.2561607422500
0.2574530591000
0.2588057778200
0.2591446860800
0.2746928739000
0.2879097113000
0.3054466802500
0.3250000000000
0.3292520003800
0.0851512965900
0.1028806584400
0.0226862000000
0.0250000000000
0.0367319965800
Case #56:
0.3703703704000
0.3819591926400
0.4000000000000
0.4209060000000
0.4256000000000
0.4449493317400
0.4487353809600
0.5000000000000
0.5137000000000
0.5210531974800
0.5360000000000
0.5620000000000
0.6000000000000
0.6050664098300
0.6257369978900
0.6429885206900
0.6580000000000
0.6707800325900
0.6790123456800
0.6837981637500
0.6912930690000
0.6945533197500
0.6953551468100
0.7009149920700
0.7046000000000
0.7438392577500
0.7500000000000
0.7520535807500
0.7617121973200
0.7663616693100
0.7679843600000
0.7682111781900
0.7691295929400
0.7708984949100
0.7764173334600
0.7777777777800
0.7967000000000
0.8390339745100
0.8529660000000
0.8720000000000
0.8930000000000
0.9000000000000
0.9008000000000
0.9139358837600
0.9148487034100
0.9163400407500
0.9218464514500
0.9230769059800
0.9250000000000
0.9598714345900
0.9617305600000
0.9632680034200
0.9657800000000
0.9716162344700
0.9743589686600
0.9877560011400
0.9913279788800
0.9914490893200
0.9971155363100
0.9987806736800
0.1475251387100
0.1790133462800
0.1883184381700
0.2051012239400
0.2226681795400
0.2235826665400
0.2315195854300
0.2336534065100
0.2345679012400
0.2479464192500
0.2482853223600
0.2500000000000
0.2554538897700
0.2845533811000
0.2880658437000
0.2915784617400
0.2982864400000
0.3000000000000
0.3000038072800
0.3081853551700
0.3238718286700
0.3241544486400
0.3292520003800
0.3324426600000
0.0750000000000
0.0769230940200
0.0790000000000
0.0836599592500
0.0905552746900
0.0988044618200
0.1069470447100
0.1074418420900
0.1100000000000
0.1110609168300
0.1110657650400
0.0250938000000
0.0259224596900
0.0367319965800
0.0082418879200
0.0028844636900
Case #57:
0.0000000000900
0.0000000000100
Case #58:
0.3877201373500
0.4460200000000
0.4468213680000
0.5515994000000
0.5663766344300
0.6202176470300
0.6263597500000
0.6617486417500
0.6750000000000
0.6944213964900
0.6945533197500
0.6950216486900
0.7037037037100
0.7126870000000
0.7183171591000
0.7435910152800
0.7500000000000
0.7503881655000
0.7518654208300
0.7520535807500
0.7542893531000
0.7681793936000
0.7747138028500
0.7750000000000
0.7777777777800
0.7952673489100
0.8412255100000
0.9148487034100
0.9149519890300
0.9201640808600
0.9740775403100
0.9743589686600
0.9750000000000
0.9877560011400
0.9884993452500
0.9917581120800
0.9944904853700
0.9990855052600
0.9998493265100
0.1472937663700
0.1700000000000
0.1897521200000
0.1938360432300
0.2276678916400
0.2315177732500
0.2318206064000
0.2367000000000
0.2480000000000
0.2514860541000
0.2557100510000
0.2561607422500
0.2564099830100
0.2990850079300
0.3037025918500
0.3054466802500
0.3054920025200
0.3086419753100
0.3130204383900
0.0499000000000
0.0750000000000
0.0836599592500
0.0179937743200
0.0304000000000
0.0367319965800
0.0028844636900
Case #59:
0.3670508030400
0.4306000000000
0.6289965763000
0.6700000000000
0.6750000000000
0.6945533197500
0.7445461102300
0.7768173580000
0.8343510720000
0.8984446638300
0.9000000000000
0.9145455469200
0.9230769059800
0.9250000000000
0.9349000000000
0.9566652020000
0.9890260631100
0.1491000000000
0.2250000000000
0.2315177732500
0.2335503114700
0.2336195363200
0.3000000000000
0.3292520003800
0.0028844636900
Case #60:
0.3581800000000
0.3600000000000
0.4000000000000
0.4930000000000
0.5000000000000
0.5100000000000
0.5600000000000
0.6000000000000
0.6200000000000
0.6927298000000
0.6944420930000
0.6950329387500
0.6997028500000
0.6998990000000
0.7035630040000
0.7037037037100
0.7037037040000
0.7037100000000
0.7448561000000
0.7454000000000
0.7517299402000
0.7530864200000
0.7530900000000
0.7683449400000
0.7685975449400
0.7695473300000
0.7716774199000
0.7740702558000
0.7774353126700
0.7777777778000
0.7777778000000
0.7777800000000
0.7976000000000
0.8000000000000
0.8130000000000
0.8200000000000
0.8242400000000
0.8276177500000
0.8323000000000
0.8355944261000
0.8399000000000
0.8888907710000
0.8893462000000
0.8920910000000
0.8930050000000
0.9000000000000
0.9007829700000
0.9135980000000
0.9173417190000
0.9231824420000
0.9253000000000
0.9259259260000
0.9300000000000
0.9323000000000
0.9400000000000
0.9470000000000
0.9525000000000
0.9585833600000
0.9643347051000
0.9716507000000
0.9876896546900
0.9887212316000
0.9908721000000
0.9913137635000
0.1111111112000
0.1111200000000
0.1200558180000
0.1600000000000
0.1900000000000
0.2000000000000
0.2263374490000
0.2332130942100
0.2336076890000
0.2341112900000
0.2345679020000
0.2345680000000
0.2469643855200
0.2509830733300
0.2582381362000
0.2606310020000
0.2976700000000
0.3000000000000
0.3003724960000
0.3045323940100
0.3049685093000
0.3073885929700
0.3086419800000
0.3141000000000
0.3200000000000
0.3250539571000
0.3329781223900
0.0400000000000
0.0575000000000
0.0600000000000
0.0960000000000
0.1000000000000
0.1027810000000
0.1028806585000
0.1028807000000
0.1070467000000
Case #61:
0.6750000000000
0.7000000000000
0.7500000000000
0.7750000000000
0.9000000000000
0.9250000000000
0.9750000000000
0.2250000000000
0.2500000000000
0.3000000000000
0.3250000000000
0.0750000000000
0.1000000000000
0.0250000000000
Case #62:
0.3663059493000
0.4140000000000
0.4415571413800
0.4456330451300
0.4500000000000
0.5374000000000
0.5477807555800
0.6000000000000
0.6467100453200
0.6539282668500
0.6667009730700
0.6679213267100
0.6920721532100
0.7000000000000
0.7009149920700
0.7009602194800
0.7032629268100
0.7035866145400
0.7421124828600
0.7438392577500
0.7439409870800
0.7500000000000
0.7520535807500
0.7663861087200
0.7667887874700
0.7681793936000
0.7691921553900
0.7706070000000
0.7764173334600
0.8040150475100
0.8892401563800
0.9000000000000
0.9008906625100
0.9163400407500
0.9210595700000
0.9250000000000
0.9667281974900
0.9713067396400
0.9716162344700
0.9740775403100
0.9750000000000
0.1111111111200
0.1318202137100
0.1485000000000
0.1884000000000
0.2428466579600
0.2561607422500
0.2648965320000
0.2964133854600
0.3000000000000
0.3237463322100
0.3295235451600
0.0386201300000
0.0388760000000
0.0470367506300
0.0584687062300
0.1018656651000
0.1107598436200
0.0211265613800
0.0230408690300
0.0367319965800
0.0028844636900
Case #63:
0.3635243266400
0.3746994135300
0.3999795470400
0.4480721110500
0.4655257309700
0.5273688203700
0.6486225357900
0.6694139626400
0.6707479996200
0.6750000000000
0.6890763612800
0.6945533197500
0.7000000000000
0.7009149920700
0.7035866145400
0.7411942221800
0.7438392577500
0.7445461102300
0.7490092658100
0.7500000000000
0.7505812367600
0.7520535807500
0.7663616693100
0.7681793936000
0.7684822267500
0.7704877574400
0.7750000000000
0.7870012551700
0.7891121029900
0.8114670107900
0.8249552530300
0.8363242536600
0.8531432688900
0.8683869464700
0.8686952047600
0.8892401563800
0.9000000000000
0.9011955381800
0.9148487034100
0.9163400407500
0.9182788809600
0.9250000000000
0.9344720079800
0.9632680034200
0.9667088194300
0.9673637308400
0.9716162344700
0.9740775403100
0.9750000000000
0.9752743362400
0.9865732444300
0.9877560011400
0.9917581120800
0.9971155363100
0.1180395148500
0.1440613016500
0.1792140085400
0.1801228103700
0.1903161622300
0.1995726682100
0.2235826665400
0.2250000000000
0.2315177732500
0.2318206064000
0.2336383306900
0.2367520892600
0.2479464192500
0.2487579407300
0.2496697552700
0.2500000000000
0.2509907341900
0.2561607422500
0.2588057778200
0.2767250519700
0.2964133854600
0.2990850079300
0.3000000000000
0.3054466802500
0.3220908335100
0.3250000000000
0.3292520003800
0.3305860373600
0.0670639045600
0.0672752171700
0.0750000000000
0.0836599592500
0.1000000000000
0.1107598436200
0.0129996486600
0.0247256637600
0.0250000000000
0.0250321819800
0.0256410313400
0.0259224596900
0.0283837655300
0.0367319965800
0.0071351654100
0.0082418879200
0.0017739173700
0.0034690521200
Case #64:
0.3400000000000
0.3500000000000
0.3600000000000
0.3700000000000
0.3800000000000
0.3900000000000
0.4100000000000
0.4200000000000
0.4300000000000
0.4400000000000
0.4500000000000
0.4600000000000
0.4700000000000
0.4800000000000
0.4900000000000
0.5100000000000
0.5200000000000
0.5300000000000
0.5400000000000
0.5500000000000
0.5600000000000
0.5700000000000
0.5800000000000
0.5900000000000
0.6100000000000
0.6200000000000
0.6300000000000
0.6400000000000
0.6500000000000
0.6600000000000
0.6700000000000
0.6800000000000
0.6900000000000
0.7100000000000
0.7200000000000
0.7300000000000
0.7400000000000
0.7500000000000
0.7600000000000
0.7700000000000
0.7800000000000
0.7900000000000
0.8100000000000
0.8200000000000
0.8300000000000
0.8400000000000
0.8500000000000
0.8600000000000
0.8700000000000
0.8800000000000
0.8900000000000
0.9100000000000
0.9200000000000
0.9300000000000
0.9400000000000
0.9500000000000
0.9600000000000
0.9700000000000
0.9800000000000
0.9900000000000
0.1200000000000
0.1300000000000
0.1400000000000
0.1500000000000
0.1600000000000
0.1700000000000
0.1800000000000
0.1900000000000
0.2100000000000
0.2200000000000
0.2300000000000
0.2400000000000
0.2500000000000
0.2600000000000
0.2700000000000
0.2800000000000
0.2900000000000
0.3100000000000
0.3200000000000
0.3300000000000
0.0400000000000
0.0500000000000
0.0600000000000
0.0700000000000
0.0800000000000
0.0900000000000
0.1100000000000
0.0200000000000
0.0300000000000
0.0100000000000
Case #65:
0.4047377290800
0.4209164351000
0.4298510146300
0.4468000000000
0.6750000000000
0.6874698361600
0.7000000000000
0.7419770021600
0.7503302447300
0.7681793936000
0.7686328303700
0.7818930042000
0.8702860000000
0.8892401563800
0.9175938627300
0.9250000000000
0.9740775403100
0.1252820000000
0.1779350000000
0.2226794696100
0.2235826665400
0.3086064325400
0.3250000000000
0.1000000000000
0.0122439988600
Case #66:
0.3800000000000
0.3900000000000
0.4015947944700
0.4069456553000
0.4295442426300
0.4394912391100
0.4712881370000
0.4824478819700
0.4859371465500
0.5429336400000
0.5468180000000
0.5841400000000
0.5846435834600
0.6000000000000
0.6502000000000
0.6694139626400
0.6695286965100
0.6703736389200
0.6968316000000
0.7008586089600
0.7009149920700
0.7011602232600
0.7035866145400
0.7037037037100
0.7049191490000
0.7073481588400
0.7088270000000
0.7350827729400
0.7663616693100
0.7692299335300
0.7818930042000
0.8080000000000
0.8233857196400
0.8367626887000
0.8538673597000
0.8641975309000
0.8789516000000
0.8892401563800
0.8897307626200
0.8916378615600
0.8932740086800
0.8993024530000
0.9001829198600
0.9011955381800
0.9100000000000
0.9148487034100
0.9413807046500
0.9641988062300
0.9661285028300
0.9667642856100
0.9740775403100
0.9742586665400
0.9750000000000
0.9800000000000
0.9877560011400
0.9917581120800
0.9971155363100
0.1122802084300
0.1139781275600
0.1149120284800
0.1183614156200
0.1487300000000
0.1502468161500
0.1699392222100
0.2250000000000
0.2253048272200
0.2263374485600
0.2315177732500
0.2479464192500
0.2496697552700
0.2497756100900
0.2500000000000
0.2554538897700
0.2561607422500
0.2591233604100
0.2758725804000
0.2961583206100
0.2972275859200
0.2990850079300
0.3000000000000
0.3045775542400
0.3211287800600
0.3250000000000
0.3319628476200
0.0645938400000
0.0670632500000
0.0769230940200
0.0836599592500
0.0851512965900
0.1000000000000
0.1016487411500
0.1036787522500
0.1080509012600
0.0247256637600
0.0256410313400
0.0283837655300
0.0320507927300
0.0082418879200
0.0122439988600
0.0027095478400
Case #67:
0.4760000000000
0.6707819100000
0.6770000000000
0.6917663485000
0.7009602194800
0.7499370000000
0.7818930100000
0.8700000000000
0.9176954740000
0.9300000000000
0.9643347100000
0.9753086500000
0.9962968700000
0.1380000000000
0.2235437863100
0.2304991437900
0.2510289000000
0.2789210000000
0.3000000000000
0.3001066920000
0.3211024365900
0.3241890000000
0.3250000000000
0.1097852000000
0.0250000000000
Case #68:
0.3703710000000
0.4000000000000
0.4170000000000
0.4400000000000
0.6790123457000
0.6999966617700
0.7000000000000
0.7000460000000
0.7037100000000
0.7490898000000
0.7727481000000
0.7777800000000
0.7850000000000
0.8154000000000
0.9012345681000
0.9012345700000
0.9146433941100
0.9149394500000
0.9166303980000
0.9963500000000
0.1111112000000
0.1747000000000
0.2231536521000
0.2259937291000
0.3000000000000
Case #69:
0.4518410000000
0.4863100000000
0.5800000000000
0.6750000000000
0.6945457936300
0.7035866145400
0.7388443713300
0.7411942221800
0.7438392577500
0.7494170113500
0.7750000000000
0.8241930902000
0.9000000000000
0.9163400407500
0.9375215000000
0.1787225235800
0.2500000000000
0.3040000000000
0.3296753543700
0.3321140070200
0.0836599592500
0.1074531321500
0.0250000000000
0.0256410313400
0.0005300401700
Case #70:
0.3398900000000
0.3580000000000
0.3603000000000
0.3703703704000
0.3703800000000
0.3760000000000
0.3800000000000
0.3970000000000
0.3990000000000
0.4000000000000
0.4800000000000
0.4940000000000
0.5000000000000
0.5200000000000
0.5300000000000
0.5302000000000
0.6000000000000
0.6120000000000
0.6557000000000
0.6667180000000
0.6698674000000
0.6784000000000
0.6785670156100
0.6800000000000
0.6900000000000
0.6917140000000
0.7037037038000
0.7037040000000
0.7100000000000
0.7358000000000
0.7436367000000
0.7502080000000
0.7527477180000
0.7530870000000
0.7541194700000
0.7727480567000
0.7768700000000
0.7776761672600
0.7777777800000
0.7777778000000
0.7777800000000
0.7900000000000
0.7930000000000
0.8062000000000
0.8210000000000
0.8276200000000
0.8300000000000
0.8687700050000
0.8700000000000
0.8983790000000
0.8983840400000
0.9000000000000
0.9167811000000
0.9228286866000
0.9231824418000
0.9241000000000
0.9259150000000
0.9311000000000
0.9661280200000
0.9742926000000
0.9759000000000
0.9876883950800
0.9969165610000
0.9987643700000
0.9989445215100
0.9999885705600
0.1111112000000
0.1234567910000
0.1234570000000
0.1235000000000
0.1340000000000
0.1600000000000
0.1800000000000
0.2000000000000
0.2226455994200
0.2236000000000
0.2259154100000
0.2260000000000
0.2481831388200
0.2500000000000
0.2551607615200
0.2592600000000
0.2655000000000
0.2700000000000
0.2758730000000
0.2779047910000
0.2975664279000
0.2991100000000
0.3000000000000
0.3003101000000
0.3058990000000
0.3086419753100
0.3086419760000
0.3161900000000
0.3302699159400
0.0560000000000
0.0810000000000
0.1000000000000
0.1016109452900
0.1019661640000
Case #71:
0.3544988726400
0.3875852900900
0.4336546343500
0.5436096005300
0.5859295143200
0.5877936920500
0.6563574182400
0.6590173464600
0.6643892339600
0.6863194477700
0.7165517459900
0.7213651998200
0.7337818631900
0.7419984906100
0.7531257977600
0.7926632194700
0.8358313239800
0.8844564920900
0.8995200207500
0.9161984906400
0.9674137542400
0.9861855525500
0.3140668511900
0.3161187078800
0.0128368525100
Case #72:
0.3384726948100
0.3509278133200
0.4756808294400
0.4847678260200
0.5020488699500
0.5707615820100
0.5961135430600
0.6510189341700
0.6767044945500
0.7325852213100
0.7375334079600
0.7865880604200
0.8678226888200
0.8897967999100
0.9265934544200
0.9508241969600
0.9841622627500
0.1841454016400
0.1878610154600
0.2407482993200
0.2473025643700
0.2977862839600
0.3315400224900
0.1089018505800
0.0088783786800
Case #73:
0.3594205804800
0.4697198145800
0.5225503807700
0.5387122723100
0.5891518607300
0.6110346074500
0.6647394268800
0.6727342615400
0.6750000000000
0.6945533197500
0.6946852167700
0.6975509801800
0.7000000000000
0.7035866145400
0.7044811856600
0.7098874582100
0.7131281446200
0.7411942221800
0.7438392577500
0.7445461102300
0.7490092658100
0.7500000000000
0.7503302447300
0.7520535807500
0.7663616693100
0.7681793936000
0.7684822267500
0.7750000000000
0.7764173334600
0.7870494254500
0.8356773093200
0.8381783751800
0.8389821039500
0.8446910901500
0.8766111939100
0.8870816931900
0.8892401563800
0.9000000000000
0.9011955381800
0.9040665663300
0.9148487034100
0.9163400407500
0.9247260887800
0.9250000000000
0.9430789943400
0.9632680034200
0.9716162344700
0.9740775403100
0.9743589686600
0.9750000000000
0.9752743362400
0.9772611144700
0.9840945680200
0.9877560011400
0.9917581120800
0.1397269015700
0.1728439644900
0.1925385619200
0.2060450862300
0.2211084383100
0.2250000000000
0.2315177732500
0.2318206064000
0.2336383306900
0.2356026798900
0.2433338278100
0.2496697552700
0.2500000000000
0.2516267404100
0.2552478004300
0.2554538897700
0.2561607422500
0.2588057778200
0.2703927657600
0.2964133854600
0.2990850079300
0.3000000000000
0.3054466802500
0.3250000000000
0.3292520003800
0.3305860373600
0.3317022695100
0.0449553817900
0.0479905766100
0.0750000000000
0.0769230940200
0.0836599592500
0.0851512965900
0.0988044618200
0.1000000000000
0.1035670895300
0.0247256637600
0.0250000000000
0.0256410313400
0.0259224596900
0.0283837655300
0.0286683274200
0.0082418879200
0.0122439988600
0.0028844636900
Case #74:
0.4500000000000
0.6050406076100
0.6300000000000
0.6750000000000
0.6917814018900
0.6945533197500
0.7526310016100
0.7681793936000
0.7700000000000
0.7725808788700
0.7750000000000
0.8272400121000
0.8509338029000
0.9250000000000
0.9284173600000
0.9886723079400
0.9917581120800
0.2342285949100
0.2500000000000
0.2990850079300
0.3000000000000
0.3250000000000
0.3294508295000
0.0988044618200
0.0122439988600
Case #75:
0.4000000000000
0.6707818940000
0.6752032800000
0.7503431000000
0.7514098470000
0.7529797450000
0.7777800000000
0.7818940000000
0.8337143729000
0.8382870000000
0.8638588292000
0.8900000000000
0.8917848000000
0.8919863380000
0.9000000000000
0.9007943000000
0.9012006977300
0.9167809800000
0.9667263835300
0.9996612990000
0.2596200000000
0.2747394000000
0.3000000000000
0.3003734187600
0.3295281655000
Case #76:
0.9000000000000
0.1000000000000
Case #77:
0.3813665986000
0.5527977781600
0.5802448155000
0.5903580000000
0.6687504098000
0.6694139626400
0.6842540014600
0.7009149920700
0.7411975476100
0.7773374655100
0.8902606310100
0.9000000000000
0.9250000000000
0.9632680034200
0.9716162344700
0.9750000000000
0.9753086419800
0.9971155363100
0.1537000000000
0.3000000000000
0.3209991070100
0.0750000000000
0.1101514561400
0.0082418879200
0.0003576100000
Case #78:
0.6694139626400
0.7000000000000
0.7411942221800
0.7500000000000
0.7503302447300
0.7681793936000
0.7750000000000
0.9000000000000
0.9230769059800
0.9250000000000
0.9632680034200
0.9716162344700
0.9740775403100
0.9750000000000
0.9877560011400
0.9971155363100
0.2250000000000
0.3250000000000
0.3292520003800
0.3305860373600
0.1000000000000
0.0250000000000
0.0259224596900
0.0367319965800
0.0028844636900
Case #79:
0.3532803800000
0.3631605510000
0.4256672900000
0.4470000000000
0.5127370000000
0.5152764700000
0.5588340000000
0.5700000000000
0.6235285000000
0.6248108000000
0.6314025514000
0.6500000000000
0.6536769100000
0.8082264700000
0.8117800000000
0.8239350000000
0.8800000000000
0.8976300000000
0.9926710000000
0.1407130000000
0.1827643826000
0.2210000000000
0.2441391000000
0.2500280000000
0.0069120810000
Case #80:
0.6707479996200
0.7000000000000
0.7438392577500
0.7681793936000
0.7750000000000
0.9000000000000
0.9148487034100
0.9163400407500
0.9632680034200
0.9740775403100
0.9743589686600
0.9750000000000
0.9917581120800
0.2250000000000
0.2336383306900
0.2500000000000
0.2509907341900
0.2588057778200
0.2990850079300
0.3305860373600
0.0750000000000
0.0769230940200
0.1000000000000
0.0250000000000
0.0283837655300
Case #81:
0.3591000000000
0.3691920000000
0.3703704000000
0.3708784300000
0.3760000000000
0.3850000000000
0.3905000000000
0.4131000000000
0.4140000000000
0.4390000000000
0.4400000000000
0.4438000000000
0.4480000000000
0.4600000000000
0.4800000000000
0.5000000000000
0.5020000000000
0.5336000000000
0.5580000000000
0.5600000000000
0.5800000000000
0.5840000000000
0.5890000000000
0.5900000000000
0.6000000000000
0.6190000000000
0.6762637980000
0.6944114228400
0.6954264182000
0.7000000000000
0.7034100000000
0.7037038000000
0.7330000000000
0.7408875589000
0.7410574839000
0.7444157000000
0.7453132200000
0.7530900000000
0.7632000000000
0.7655845150000
0.7657900000000
0.7658728921000
0.7694421000000
0.7777777777800
0.7777777800000
0.7777800000000
0.8000000000000
0.8527000000000
0.8901087031000
0.8901140000000
0.9000000000000
0.9002870000000
0.9167810000000
0.9167900000000
0.9255872250000
0.9600000000000
0.9602195000000
0.9658137027500
0.9670790000000
0.9725651600000
0.9753100000000
0.9885857508200
0.9890255933300
0.9908600000000
0.9911682551000
0.9960371895000
0.9963500000000
0.1234567910000
0.1234568100000
0.1234600000000
0.1529000000000
0.1611000000000
0.1960000000000
0.2222389664000
0.2226682000000
0.2261981590000
0.2305034810000
0.2317077600000
0.2317229000000
0.2345177300000
0.2506749121000
0.2552839100000
0.2560754627600
0.2592610000000
0.2880660000000
0.2975539000000
0.2991930000000
0.2994958000000
0.3000000000000
0.3057856000000
0.3058100000000
0.3086419800000
0.3296800000000
0.3303659300000
0.0520000000000
0.0700000000000
0.0880000000000
0.1028807000000
0.1109076350000
0.0200000000000
Case #82:
0.3352300000000
0.3754940000000
0.3831029498600
0.3864658492100
0.4040000000000
0.4460000000000
0.4510700000000
0.4516896120000
0.4524689619700
0.4526593887700
0.4753850474200
0.4771370000000
0.5051324180800
0.5190000000000
0.5200000000000
0.5331400000000
0.5374579000000
0.5584864700000
0.5815739776700
0.5939057968200
0.6282863145100
0.6538506782900
0.6660000000000
0.6694139626400
0.6703411625800
0.6927297668100
0.6945533197500
0.6949741408500
0.7000000000000
0.7163015598200
0.7490092658100
0.7503302447300
0.7520535807500
0.7616019705400
0.7621801150000
0.7684822267500
0.7749212512900
0.7965074300000
0.7970000000000
0.8130000000000
0.8244292013200
0.8550525835000
0.8848712288800
0.8892401563800
0.8893461362600
0.8901088355600
0.8930041152300
0.9000000000000
0.9000109912500
0.9003380329400
0.9010951775800
0.9068366183100
0.9148014549200
0.9230769059800
0.9314298300000
0.9352365556100
0.9410000000000
0.9632680034200
0.9743589686600
0.9750000000000
0.9752743362400
0.9753086419800
0.9917581120800
0.9971155363100
0.9986435203800
0.1111111111200
0.1143118428000
0.1211551686200
0.1391962699900
0.1700000000000
0.2263374485600
0.2314012488900
0.2315177732500
0.2318206064000
0.2336383306900
0.2479464192500
0.2498687000000
0.2500000000000
0.2509907341900
0.2524194913900
0.2677243362000
0.2964133854600
0.2990850079300
0.3004115226400
0.3054466802500
0.3086419753100
0.3238496841700
0.3249560611500
0.3320646497900
0.0492216667700
0.0769230940200
0.0836599592500
0.0851512965900
0.0950090609800
0.0988044618200
0.1019661637100
0.1021750310000
0.1100592714900
0.0250000000000
0.0277608832700
Case #83:
0.3334520000000
0.3640000000000
0.3663000000000
0.3673300000000
0.3703703710000
0.3740000000000
0.3900000000000
0.4000000000000
0.4115300000000
0.4400000000000
0.4572500000000
0.4600000000000
0.4699000000000
0.5000000000000
0.5271000000000
0.5400000000000
0.6670848394500
0.6671071900000
0.6698673982700
0.6700000000000
0.6762688620000
0.6914765703100
0.6927300000000
0.7037037037100
0.7197000000000
0.7253000000000
0.7437941441000
0.7448561000000
0.7491237000000
0.7500212390000
0.7527900000000
0.7530826570000
0.7544600000000
0.7658893500000
0.7695473252000
0.7695500000000
0.7724051800000
0.7725975300000
0.7746000000000
0.7749965210000
0.7777777778000
0.7777777800000
0.7777800000000
0.7818930050000
0.7900000000000
0.7954000000000
0.8000000000000
0.8509881700000
0.8529000000000
0.8532000000000
0.8551000000000
0.8553000000000
0.8800000000000
0.8891994000000
0.8984911000000
0.9000000000000
0.9210000000000
0.9228324499000
0.9247100000000
0.9300000000000
0.9643347050800
0.9670800000000
0.9800000000000
0.9878067400000
0.9905503000000
0.9972212362200
0.9986788551000
0.9987806800000
0.9998816171000
0.1111112000000
0.1111120000000
0.1300000000000
0.1440000000000
0.1800000000000
0.2057000000000
0.2226810000000
0.2345700000000
0.2360000000000
0.2510233241700
0.2583447650000
0.2589550000000
0.2592600000000
0.2592610000000
0.2830000000000
0.2850175279000
0.2895901000000
0.3055885798000
0.3072853110000
0.3074300000000
0.3250013000000
0.0727000000000
0.1000000000000
0.1000228798000
0.1019661640000
0.1024742170000
0.1028806585000
0.1080246816800
0.1083676270000
0.1090000000000
0.0106000000000
Case #84:
0.6707479996200
0.6750000000000
0.7000000000000
0.7411942221800
0.7490092658100
0.7500000000000
0.7503302447300
0.7684822267500
0.7750000000000
0.9000000000000
0.9250000000000
0.9750000000000
0.9917581120800
0.2250000000000
0.2496697552700
0.2500000000000
0.2509907341900
0.2554538897700
0.2588057778200
0.3000000000000
0.3250000000000
0.3292520003800
0.3305860373600
0.1000000000000
0.1107598436200
Case #85:
0.3400000000000
0.3601951711000
0.3692939694700
0.3703703704000
0.3733755993700
0.3832245006200
0.4196195857700
0.4239697976200
0.4468376170000
0.4524272415700
0.4710000000000
0.4982062170100
0.5315702000000
0.5673307500000
0.6000000000000
0.6123696174700
0.6185759198000
0.6193095537700
0.6371140000000
0.6707479996200
0.6925942861100
0.6945533197500
0.7000000000000
0.7009149920700
0.7035866145400
0.7037037037100
0.7060968587500
0.7097167004400
0.7106978868800
0.7438392577500
0.7439584075000
0.7445461102300
0.7490092658100
0.7663616693100
0.7666984670100
0.7681793936000
0.7750000000000
0.8000000000000
0.8040000000000
0.8048439130000
0.8098000000000
0.8357100000000
0.8514000000000
0.8621681989500
0.8700000000000
0.8938488145500
0.8959333500000
0.8975765889400
0.9000000000000
0.9000034000000
0.9000118800000
0.9011955381800
0.9012345679100
0.9137209338500
0.9146018113700
0.9148487034100
0.9173402753100
0.9230695411200
0.9230769059800
0.9265000000000
0.9282376612300
0.9350965802900
0.9613186685100
0.9632680034200
0.9670405539900
0.9677550000000
0.9740775403100
0.9749661768700
0.9750000000000
0.9752743362400
0.9877560011400
0.9905464111300
0.9999868515100
0.1173680000000
0.1243610079200
0.1668610000000
0.2138528281300
0.2235826665400
0.2479788181800
0.2481460318500
0.2561656436500
0.2592592592600
0.2642143135900
0.2774112131000
0.2897274119500
0.2990850079300
0.3000000000000
0.3004076965700
0.3251028806600
0.3292520003800
0.3292990000000
0.3305860373600
0.0396324872600
0.0836599592500
0.0988044618200
0.1028806584400
0.1080472618100
0.1107598436200
0.0247256637600
0.0283837655300
Case #86:
0.3430923400000
0.4232000000000
0.4329697466900
0.5342200000000
0.5735000000000
0.6070504032200
0.6170400000000
0.6398484878500
0.6694139626400
0.6790123456800
0.6954732510300
0.7000000000000
0.7037037037100
0.7438392577500
0.7492773336600
0.7503302447300
0.7695473251100
0.7750000000000
0.7776761672600
0.7980000000000
0.8000000000000
0.8079990516600
0.8451465217300
0.8665801000000
0.8686410315700
0.8890282009200
0.8898186453600
0.9012220234100
0.9222340767900
0.9700000000000
0.9716162344700
0.9740775403100
0.9750000000000
0.9752743362400
0.9877560011400
0.9945814300000
0.9950722949700
0.1191370000000
0.1234567902000
0.1269157117900
0.1902742844300
0.2336383306900
0.2805215657000
0.2966368278600
0.2990850079300
0.3054466802500
0.3250000000000
0.0750000000000
0.1107598436200
0.0283837655300
Case #87:
0.3495494006600
0.3505589164400
0.3654647508500
0.3672896312100
0.3775103337300
0.4041775832100
0.4255083496700
0.4614429368100
0.4863093884300
0.5048323054300
0.5222892517500
0.5477394868600
0.5862739352200
0.5962794442800
0.6034946911800
0.6144589826300
0.6247712750700
0.6550621954700
0.6694139626400
0.6707479996200
0.6750000000000
0.6894680456900
0.6945533197500
0.7000000000000
0.7009149920700
0.7035866145400
0.7438392577500
0.7490092658100
0.7500000000000
0.7503302447300
0.7520535807500
0.7663616693100
0.7684822267500
0.7750000000000
0.7756679052800
0.7764173334600
0.8196893639800
0.8842583683800
0.8892401563800
0.9000000000000
0.9011955381800
0.9148487034100
0.9163400407500
0.9230769059800
0.9250000000000
0.9630383278800
0.9654442079800
0.9706584617500
0.9716162344700
0.9740775403100
0.9750000000000
0.9808999036300
0.9877560011400
0.9879124459600
0.9917581120800
0.9971155363100
0.1296963458100
0.1321728526900
0.1567508176800
0.1700092396300
0.2031216834600
0.2235826665400
0.2250000000000
0.2315177732500
0.2318206064000
0.2336383306900
0.2397117972200
0.2479464192500
0.2496697552700
0.2500000000000
0.2509907341900
0.2554538897700
0.2561607422500
0.2588092812300
0.2964133854600
0.2984740611500
0.2990850079300
0.3000000000000
0.3054466802500
0.3250000000000
0.3292520003800
0.3301508462200
0.3305860373600
0.0553778146900
0.0750000000000
0.0769230940200
0.0821479391400
0.0851512965900
0.0977122971800
0.0988044618200
0.1000000000000
0.1107598436200
0.0250000000000
0.0256410313400
0.0259224596900
0.0283837655300
0.0318123919100
0.0367319965800
0.0082418879200
0.0028844636900
Case #88:
0.4329696300000
0.6464029873700
0.7000000000000
0.7490092658100
0.7568817000000
0.7684818101600
0.7788446884000
0.8854870780000
0.9230769059800
0.9247015146900
0.9995783031500
0.1234387480000
0.1368448000000
0.1476900000000
0.2036293610800
0.2448480000000
0.2500000000000
0.2554538897700
0.2561607422500
0.2880658437000
0.3000000000000
0.3305860373600
0.0750000000000
0.0250000000000
0.0082418879200
Case #89:
0.3898000000000
0.4023065750000
0.4059927186000
0.5188360935700
0.6000000000000
0.6471083865800
0.6698348855000
0.6812112050000
0.6950000000000
0.7392752535000
0.8000000000000
0.8230590000000
0.8336400000000
0.8567930000000
0.8830870000000
0.1120000000000
0.1170997640400
0.2000000000000
0.2280000000000
0.3100000000000
0.3246860712000
0.1000000000000
0.0171000000000
0.0235692438200
0.0312630000000
Case #90:
0.3522780889700
0.3703856406500
0.4312808368600
0.4472410707800
0.4621492705500
0.4821254915800
0.6009854087600
0.6579329503400
0.6747621222500
0.7116949342700
0.8078715165700
0.8298555768500
0.8481055523200
0.8869698830200
0.9104285762400
0.9382010470600
0.9889321113600
0.1588927709700
0.1780429755100
0.1987565503400
0.2388679581800
0.2567674036500
0.2669201964700
0.3159034698900
0.0027783884800
Case #91:
0.6750000000000
0.7000000000000
0.7009149920700
0.7411942221800
0.7500000000000
0.7520535807500
0.9148487034100
0.9230769059800
0.9743589686600
0.9750000000000
0.9752743362400
0.9917581120800
0.2250000000000
0.2318206064000
0.2479464192500
0.2496697552700
0.2561607422500
0.3000000000000
0.3054466802500
0.3250000000000
0.0836599592500
0.1000000000000
0.0247256637600
0.0259224596900
0.0122439988600
Case #92:
0.5000000000000
0.1200000000000
Case #93:
0.3355458293800
0.3415807211000
0.3917318900000
0.3968038000000
0.4000000000000
0.4238322108900
0.4425700000000
0.4515534672000
0.4800000000000
0.5060924370500
0.5095331227900
0.5605260456800
0.5796456700000
0.5922421475200
0.6077189151000
0.6150900000000
0.6670939592100
0.6679217448500
0.6694139626400
0.6707818930100
0.6925891134300
0.7000000000000
0.7411942221800
0.7438392577500
0.7444043647400
0.7489762182100
0.7500000000000
0.7530860016100
0.7655845145600
0.7695473251100
0.8348998290000
0.8433400000000
0.8682751711900
0.9011955381800
0.9062145274500
0.9148487034100
0.9632680034200
0.9670781893100
0.9877560011400
0.9890260631100
0.9917375589000
0.9990855052600
0.1926500000000
0.1968340000000
0.2215311774200
0.2336383306900
0.2444581040000
0.2500000000000
0.2509907341900
0.2525378298200
0.2554538897700
0.2588057778200
0.2863560000000
0.2964133854600
0.3000000000000
0.3054466802500
0.3246797125400
0.3292520003800
0.0448973000000
0.0830539334600
0.1074414239400
0.1107598436200
0.0247256637600
0.0250000000000
Case #94:
0.6750000000000
0.6945533197500
0.7000000000000
0.7411942221800
0.7445461102300
0.7503302447300
0.7663616693100
0.7750000000000
0.8892401563800
0.9000000000000
0.9163400407500
0.9250000000000
0.9632680034200
0.9752743362400
0.9917581120800
0.2500000000000
0.2509907341900
0.2561607422500
0.2964133854600
0.3000000000000
0.3250000000000
0.0750000000000
0.1000000000000
0.0259224596900
0.0122439988600
Case #95:
0.3374031701400
0.3930815000000
0.3948452402300
0.3999575427600
0.4034347000000
0.5221855064500
0.5271691685400
0.5468612879400
0.5650742730200
0.5846734169400
0.6322452000000
0.6707818930100
0.6750114834600
0.6762688614600
0.7000000000000
0.7420629373100
0.7439034181800
0.7445461102300
0.7681793936000
0.7778285831000
0.7805366484000
0.7818930042000
0.8000000000000
0.8221293700000
0.8610349207000
0.8800000000000
0.9000000000000
0.9011955381800
0.9176954732600
0.9230769059800
0.9259259259300
0.9716162344700
0.9750000000000
0.1520000000000
0.1523040960800
0.1592709153400
0.2235826665400
0.2289327997400
0.2332469643900
0.2496697552700
0.2500000000000
0.2561607422500
0.2964133854600
0.3000000000000
0.3076258700500
0.3102200000000
0.3213432911700
0.3250676149300
0.3305860373600
0.0487941441700
0.0620639830100
0.0750000000000
0.0836599592500
0.0863333825100
0.1011190984000
0.1027301243300
0.1056061585000
0.0247256637600
0.0256410313400
0.0283837655300
0.0370000000000
0.0082418879200
Case #96:
0.3601190685200
0.3637152945100
0.3746288448200
0.3785611027800
0.3951445256800
0.4008091240700
0.4322676166900
0.4336731983100
0.5018765344500
0.5128072328900
0.5561224547900
0.6045008282900
0.6153379719300
0.6207090851300
0.6490163263500
0.6524135158200
0.6546372365600
0.6694139626400
0.6707479996200
0.6732942112100
0.6750000000000
0.6816306472200
0.6945533197500
0.7000000000000
0.7035866145400
0.7219630245300
0.7231782509800
0.7411942221800
0.7438392577500
0.7445461102300
0.7490092658100
0.7500000000000
0.7503302447300
0.7520535807500
0.7663616693100
0.7681793936000
0.7684822267500
0.7750000000000
0.7764173334600
0.7795706660400
0.8178029049600
0.8464977833800
0.8669744787700
0.8824614373800
0.8883546477700
0.8966703671200
0.9000000000000
0.9011955381800
0.9116398442500
0.9135323431700
0.9148487034100
0.9163400407500
0.9230769059800
0.9250000000000
0.9632680034200
0.9716162344700
0.9740775403100
0.9743589686600
0.9750000000000
0.9752743362400
0.9753047905900
0.9877560011400
0.9917581120800
0.9971155363100
0.1138570204900
0.1467345031700
0.1654761752600
0.1835354008600
0.1915472542500
0.2235826665400
0.2250000000000
0.2315177732500
0.2318206064000
0.2325677199100
0.2336383306900
0.2479464192500
0.2496697552700
0.2500000000000
0.2509907341900
0.2561607422500
0.2588057778200
0.2719079014100
0.2788955274600
0.2990850079300
0.3000000000000
0.3054466802500
0.3250000000000
0.3292520003800
0.0621126941400
0.0750000000000
0.0836599592500
0.0851512965900
0.1000000000000
0.0247256637600
0.0250000000000
0.0256410313400
0.0283837655300
0.0367319965800
0.0082418879200
0.0028844636900
Case #97:
0.3394000000000
0.3708102000000
0.4000000000000
0.4333000000000
0.4650744831100
0.5135415891600
0.5692800900000
0.6046319000000
0.6278910000000
0.7260000000000
0.7798000000000
0.8000000000000
0.8140000000000
0.8200000000000
0.9000000000000
0.9857000000000
0.9995475271600
0.1647900000000
0.1728725000000
0.2000000000000
0.2199050000000
0.2381000000000
0.0501321900000
0.0921625763000
0.0954000000000
Case #98:
0.4000000000000
0.4830000000000
0.5919000000000
0.6671239141000
0.6761672510000
0.7407577000000
0.7544581700000
0.7717319520000
0.8747000000000
0.8901600000000
0.8917504371000
0.9000000000000
0.9695000000000
0.9713500000000
0.9753100000000
0.1234600000000
0.1997000000000
0.2000000000000
0.2470547059800
0.2581923493400
0.3046749678000
0.3220000000000
0.1001400000000
0.1080630000000
0.0100000000000
Case #99:
0.3529000000000
0.4000000000000
0.4300000000000
0.6000000000000
0.7000000000000
0.7499252040000
0.7500180000000
0.7520577710000
0.7686836400000
0.7818930050000
0.8000000000000
0.9643347060000
0.9753087000000
0.9982670471000
0.1111112000000
0.1204100000000
0.2000000000000
0.2249000000000
0.2592610000000
0.2690000000000
0.2724000000000
0.3000000000000
0.0400000000000
0.1000000000000
0.1079611847800
Case #100:
0.4000000000000
0.5000000000000
0.6000000000000
0.7000000000000
0.8000000000000
0.9000000000000
0.2000000000000
0.3000000000000
0.1000000000000
