Case #1: 
0.7900000000000
0.0430000000000
0.9346400000000
0.0200000000000
0.0950000000000
Case #2: 
0.3400000000000
0.4000000000000
0.4400000000000
0.5300000000000
0.5619200000000
0.6000000000000
0.6111900000000
0.1111200000000
0.2000000000000
0.7777800000000
0.0395300000000
0.2780300000000
0.7039300000000
0.7190000000000
0.9259300000000
0.9456800000000
0.0187600000000
0.0870000000000
0.0984100000000
0.3100000000000
0.6790200000000
0.6900000000000
0.7530900000000
0.9100000000000
0.2269600000000
0.7697000000000
0.9700000000000
0.2565200000000
0.3317100000000
0.2473800000000
0.9250200000000
0.2589600000000
0.7774800000000
0.8927100000000
0.3000100000000
0.8974800000000
0.0247200000000
0.7520500000000
0.7657600000000
0.9917500000000
0.0259200000000
0.6945500000000
0.9230700000000
0.9743500000000
0.0367300000000
0.2235800000000
0.0028800000000
0.0769200000000
0.2509900000000
0.7764100000000
0.1000000000000
0.2500000000000
0.9000000000000
0.9250000000000
0.9750000000000
Case #3: 
0.2000000000000
0.2080000000000
0.8760000000000
0.2510300000000
0.3000000000000
Case #4: 
0.9148400000000
0.3250000000000
0.7000000000000
0.7500000000000
0.9250000000000
Case #5: 
0.7445400000000
0.0367300000000
0.0769200000000
0.0750000000000
0.3000000000000
Case #6: 
0.3373400000000
0.3558200000000
0.3600000000000
0.3660800000000
0.3683000000000
0.4120000000000
0.4700000000000
0.4826200000000
0.5531100000000
0.5610200000000
0.5983100000000
0.6100000000000
0.6220000000000
0.1410000000000
0.1429000000000
0.1765600000000
0.1800000000000
0.2103200000000
0.7777800000000
0.7830000000000
0.8642000000000
0.8690000000000
0.8841100000000
0.2592600000000
0.2607000000000
0.7300000000000
0.9400000000000
0.0132800000000
0.2345700000000
0.6867900000000
0.1028900000000
0.6707900000000
0.9177100000000
0.9954500000000
0.2236100000000
0.7503500000000
0.2505000000000
0.3054400000000
0.7492700000000
0.7684800000000
0.8900000000000
0.3304900000000
0.6670700000000
0.6679400000000
0.6761700000000
0.7447600000000
0.0836500000000
0.2336300000000
0.3292500000000
0.7490000000000
0.9917500000000
0.2315100000000
0.9716100000000
0.9743500000000
0.7663600000000
0.2318200000000
0.8892400000000
0.0122400000000
0.0256400000000
0.7009100000000
0.1000000000000
0.2500000000000
0.3250000000000
0.6750000000000
0.7500000000000
0.9000000000000
Case #7: 
0.3354200000000
0.3397600000000
0.4120000000000
0.4147100000000
0.4677000000000
0.4706500000000
0.4769400000000
0.4917000000000
0.4975100000000
0.5000000000000
0.6038000000000
0.6263400000000
0.1111200000000
0.1161100000000
0.1560000000000
0.2020000000000
0.7777800000000
0.7960000000000
0.7980500000000
0.8537500000000
0.8694600000000
0.0650000000000
0.7135000000000
0.0148800000000
0.2400000000000
0.3086500000000
0.9753100000000
0.1028900000000
0.7695500000000
0.9917700000000
0.0842800000000
0.1001400000000
0.2482900000000
0.6694100000000
0.7681700000000
0.2588000000000
0.8981900000000
0.2561600000000
0.2579400000000
0.3082400000000
0.6923300000000
0.7447600000000
0.9877500000000
0.0247200000000
0.0082400000000
0.0259200000000
0.2990800000000
0.6945500000000
0.9011900000000
0.9716100000000
0.2964100000000
0.9163400000000
0.0750000000000
0.2250000000000
0.3250000000000
0.7000000000000
0.7750000000000
0.9000000000000
0.9250000000000
Case #8: 
0.3336500000000
0.3383600000000
0.3528100000000
0.3677600000000
0.3953800000000
0.4513400000000
0.4553300000000
0.5148300000000
0.5597600000000
0.5817100000000
0.5905700000000
0.6163600000000
0.6436700000000
0.6632100000000
0.1365200000000
0.1775600000000
0.1834300000000
0.1905600000000
0.1979100000000
0.2042800000000
0.2112800000000
0.7832700000000
0.7978500000000
0.8015100000000
0.8286700000000
0.8638300000000
0.2673300000000
0.2850600000000
0.2863600000000
0.7089500000000
0.9430300000000
0.9477300000000
0.3107800000000
0.0786200000000
0.1038100000000
0.3278100000000
0.8954400000000
0.8961900000000
0.6694100000000
0.7681700000000
0.9981400000000
0.0086900000000
0.2588000000000
0.3054400000000
0.9632600000000
0.1107500000000
0.2561600000000
0.9877500000000
0.0283800000000
0.0836500000000
0.2336300000000
0.3292500000000
0.7035800000000
0.7490000000000
0.7520500000000
0.9740700000000
0.0082400000000
0.0259200000000
0.2315100000000
0.2479400000000
0.2990800000000
0.6945500000000
0.7445400000000
0.9011900000000
0.9148400000000
0.9230700000000
0.9716100000000
0.9743500000000
0.9971100000000
0.0367300000000
0.2235800000000
0.2496600000000
0.7663600000000
0.0028800000000
0.0769200000000
0.0988000000000
0.2318200000000
0.2554500000000
0.9163400000000
0.9752700000000
0.0122400000000
0.0256400000000
0.0851500000000
0.7503300000000
0.7009100000000
0.7764100000000
0.0250000000000
0.0750000000000
0.1000000000000
0.2250000000000
0.2500000000000
0.3000000000000
0.3250000000000
0.6750000000000
0.7000000000000
0.7500000000000
0.7750000000000
0.9000000000000
0.9250000000000
0.9750000000000
Case #9: 
0.4000000000000
0.5000000000000
0.6000000000000
0.2000000000000
0.8000000000000
0.1000000000000
0.3000000000000
0.7000000000000
0.9000000000000
Case #10: 
0.7874000000000
0.2634000000000
0.7110000000000
0.9347000000000
0.1000000000000
Case #11: 
0.3380000000000
0.3590000000000
0.3677000000000
0.3700000000000
0.3704000000000
0.3837000000000
0.3882000000000
0.4000000000000
0.4120000000000
0.4137000000000
0.4190000000000
0.4563000000000
0.5000000000000
0.5340000000000
0.5470000000000
0.5940000000000
0.6000000000000
0.6155000000000
0.6180000000000
0.6442000000000
0.6600000000000
0.6612000000000
0.6617000000000
0.1111200000000
0.1156000000000
0.1380000000000
0.1510000000000
0.1694000000000
0.1750000000000
0.1841000000000
0.1920000000000
0.1930000000000
0.1960000000000
0.2000000000000
0.7900000000000
0.7941000000000
0.8000000000000
0.8300000000000
0.8320000000000
0.8338000000000
0.8400000000000
0.8406000000000
0.8455000000000
0.8500000000000
0.8520000000000
0.8605000000000
0.8630000000000
0.8723000000000
0.8874000000000
0.0660000000000
0.0720000000000
0.2592600000000
0.2594000000000
0.2600000000000
0.2865000000000
0.7048000000000
0.9259300000000
0.9404000000000
0.9464000000000
0.9500000000000
0.0130000000000
0.0178000000000
0.0960000000000
0.3100000000000
0.3140000000000
0.3178000000000
0.6860000000000
0.9090000000000
0.9097000000000
0.9769000000000
0.9770000000000
0.9790000000000
0.9800000000000
0.0320000000000
0.0817000000000
0.1028900000000
0.3030000000000
0.6710000000000
0.7700000000000
0.7710000000000
0.1013000000000
0.3234000000000
0.3235000000000
0.6680400000000
0.9643400000000
0.9890300000000
0.3241900000000
0.7004000000000
0.9140400000000
0.9167900000000
0.9908600000000
0.2589600000000
0.3211500000000
0.6750500000000
0.6943000000000
0.2470000000000
0.8916900000000
0.1000000000000
0.3000000000000
0.9000000000000
Case #12: 
0.3457100000000
0.3625300000000
0.3803100000000
0.3902500000000
0.4314500000000
0.4533600000000
0.5219700000000
0.5847700000000
0.6337300000000
0.6538200000000
0.6551800000000
0.6598200000000
0.1157200000000
0.1174100000000
0.1450400000000
0.1498200000000
0.1522400000000
0.1721200000000
0.7956400000000
0.7989900000000
0.8005600000000
0.8188200000000
0.8720200000000
0.7187200000000
0.7334700000000
0.7388900000000
0.9277700000000
0.9501600000000
0.9513500000000
0.2449100000000
0.3095100000000
0.3178200000000
0.6905900000000
0.7535600000000
0.0299300000000
0.2535700000000
0.8959900000000
0.9680500000000
0.1087600000000
0.6694100000000
0.7681700000000
0.9156700000000
0.2588000000000
0.3054400000000
0.7684800000000
0.9632600000000
0.1107500000000
0.2561600000000
0.9877500000000
0.0247200000000
0.0283800000000
0.0836500000000
0.7035800000000
0.7490000000000
0.7520500000000
0.9740700000000
0.9917500000000
0.0082400000000
0.2990800000000
0.3305800000000
0.6707400000000
0.6945500000000
0.7438300000000
0.7445400000000
0.9011900000000
0.9148400000000
0.9230700000000
0.9716100000000
0.9743500000000
0.9971100000000
0.0367300000000
0.2235800000000
0.0028800000000
0.0769200000000
0.0988000000000
0.2318200000000
0.2509900000000
0.2554500000000
0.2964100000000
0.9752700000000
0.0122400000000
0.0256400000000
0.0851500000000
0.7503300000000
0.7009100000000
0.7764100000000
0.0250000000000
0.0750000000000
0.1000000000000
0.2250000000000
0.2500000000000
0.3000000000000
0.3250000000000
0.6750000000000
0.7000000000000
0.7500000000000
0.7750000000000
0.9000000000000
0.9250000000000
0.9750000000000
Case #13: 
0.3600500000000
0.3900000000000
0.4315100000000
0.4376300000000
0.5000000000000
0.5164700000000
0.5500000000000
0.5700000000000
0.5800000000000
0.5825500000000
0.5862400000000
0.5923200000000
0.6089700000000
0.1111200000000
0.1500000000000
0.1910000000000
0.2000000000000
0.7777800000000
0.8000000000000
0.8050000000000
0.8110100000000
0.8239500000000
0.8350000000000
0.8758200000000
0.8880000000000
0.0420400000000
0.2592600000000
0.2643000000000
0.2852300000000
0.2881000000000
0.7037100000000
0.9259300000000
0.9495000000000
0.9612000000000
0.0166800000000
0.0893800000000
0.2345700000000
0.2380000000000
0.2400000000000
0.6791300000000
0.6794700000000
0.6823700000000
0.7530900000000
0.9012400000000
0.9782100000000
0.1028900000000
0.2510300000000
0.7480400000000
0.7695500000000
0.9670800000000
0.9917700000000
0.9923000000000
0.9930000000000
0.2482900000000
0.3305900000000
0.6694100000000
0.6762700000000
0.7421200000000
0.7681700000000
0.9159900000000
0.2556100000000
0.3296800000000
0.3300000000000
0.0002600000000
0.2964500000000
0.3293800000000
0.6750500000000
0.6759700000000
0.9009300000000
0.9632600000000
0.1107500000000
0.2232700000000
0.3292500000000
0.7035800000000
0.7490000000000
0.9740700000000
0.0259200000000
0.2315100000000
0.6707400000000
0.7445400000000
0.9148400000000
0.9743500000000
0.2235800000000
0.2496600000000
0.7663600000000
0.0028800000000
0.0988000000000
0.2318200000000
0.2509900000000
0.2554500000000
0.2964100000000
0.9752700000000
0.7503300000000
0.1000000000000
0.2500000000000
0.3000000000000
0.7000000000000
0.9000000000000
0.9250000000000
0.9750000000000
Case #14: 
0.0250000000000
0.2250000000000
0.3000000000000
0.3250000000000
0.7500000000000
Case #15: 
0.3410000000000
0.3647700000000
0.3704000000000
0.4000000000000
0.4120000000000
0.5000000000000
0.5043000000000
0.5432700000000
0.5600000000000
0.5735600000000
0.5840000000000
0.5883000000000
0.5904200000000
0.6121700000000
0.6165800000000
0.6212100000000
0.6313100000000
0.6408300000000
0.6469000000000
0.6612600000000
0.1111200000000
0.1144000000000
0.1340000000000
0.1716500000000
0.2000000000000
0.2218000000000
0.7777800000000
0.7838200000000
0.8220000000000
0.8600000000000
0.8612000000000
0.0550500000000
0.0725500000000
0.2592600000000
0.2607000000000
0.2869300000000
0.2881000000000
0.2911800000000
0.7244100000000
0.9259300000000
0.9453400000000
0.3122000000000
0.7572600000000
0.0801000000000
0.2518000000000
0.7695500000000
0.9923000000000
0.0850000000000
0.2248800000000
0.7018700000000
0.7681700000000
0.0747000000000
0.2257300000000
0.2336600000000
0.2588000000000
0.3054400000000
0.3245500000000
0.7000500000000
0.9662200000000
0.3074300000000
0.6677400000000
0.7665100000000
0.9174100000000
0.9219700000000
0.1107500000000
0.2235100000000
0.2253300000000
0.7740200000000
0.9136400000000
0.9221700000000
0.9249100000000
0.9877500000000
0.0284700000000
0.3292500000000
0.7490000000000
0.9740700000000
0.0082400000000
0.2990800000000
0.3305800000000
0.6945500000000
0.9716100000000
0.9971100000000
0.0367300000000
0.7663600000000
0.0988000000000
0.2509900000000
0.2554500000000
0.2964100000000
0.8892400000000
0.9163400000000
0.7503300000000
0.7009100000000
0.7764100000000
0.0750000000000
0.1000000000000
0.3000000000000
0.3250000000000
0.6750000000000
0.7750000000000
0.9000000000000
Case #16: 
0.0461000000000
0.3140000000000
0.2263400000000
0.9940000000000
0.7000000000000
Case #17: 
0.4865000000000
0.6000000000000
0.1534000000000
0.1979000000000
0.3166000000000
Case #18: 
0.1000000000000
0.9000000000000
Case #19: 
0.0750000000000
0.2250000000000
0.3000000000000
0.7500000000000
0.7750000000000
Case #20: 
0.3878700000000
0.4000000000000
0.4028600000000
0.4497300000000
0.5000000000000
0.6000000000000
0.6290000000000
0.6527000000000
0.1153700000000
0.1235000000000
0.2080000000000
0.7777800000000
0.7951100000000
0.8321200000000
0.2791000000000
0.9386000000000
0.9610000000000
0.2365100000000
0.3086500000000
0.7530900000000
0.7597000000000
0.6734400000000
0.7454000000000
0.8930100000000
0.9917700000000
0.0021200000000
0.2238600000000
0.6690800000000
0.7668100000000
0.7681700000000
0.8902700000000
0.2583500000000
0.8893500000000
0.2306100000000
0.9632600000000
0.1107500000000
0.2315100000000
0.2479400000000
0.7438300000000
0.9716100000000
0.9971100000000
0.2509900000000
0.3210000000000
0.6680000000000
0.8892400000000
0.9163400000000
0.9752700000000
0.7503300000000
0.2250000000000
0.2500000000000
0.6750000000000
0.7000000000000
0.7750000000000
0.9000000000000
Case #21: 
0.3480000000000
0.5000000000000
0.5780000000000
0.8196100000000
0.9463000000000
Case #22: 
0.4000000000000
0.4051600000000
0.4300100000000
0.5180000000000
0.5223600000000
0.6000700000000
0.6119000000000
0.6351000000000
0.1111200000000
0.1165000000000
0.1332400000000
0.2082600000000
0.7777800000000
0.7819000000000
0.8000000000000
0.8210000000000
0.8597000000000
0.8612000000000
0.0592600000000
0.2781000000000
0.7037100000000
0.7389100000000
0.9259300000000
0.9362900000000
0.9500000000000
0.2367000000000
0.2423000000000
0.7531900000000
0.2510300000000
0.3031300000000
0.7695500000000
0.9180000000000
0.1001400000000
0.6680400000000
0.6762700000000
0.6927300000000
0.7681700000000
0.2588000000000
0.3054400000000
0.2342700000000
0.3001100000000
0.1107500000000
0.2497100000000
0.7490300000000
0.9011600000000
0.9877500000000
0.1110800000000
0.3292500000000
0.7035800000000
0.9740700000000
0.7411900000000
0.0367300000000
0.3220400000000
0.0769200000000
0.2318200000000
0.2554500000000
0.7503300000000
0.7009100000000
0.0250000000000
0.1000000000000
0.2500000000000
0.6750000000000
0.9000000000000
Case #23: 
0.5240000000000
0.5706100000000
0.6131800000000
0.6174700000000
0.6200000000000
0.1111200000000
0.1212500000000
0.1236900000000
0.1570000000000
0.1681900000000
0.7777800000000
0.7789000000000
0.8300000000000
0.8400000000000
0.8600000000000
0.8642000000000
0.0396300000000
0.7300000000000
0.9259300000000
0.3086500000000
0.3095500000000
0.6790200000000
0.6851000000000
0.7586300000000
0.1028900000000
0.3251100000000
0.7700000000000
0.8942200000000
0.9685800000000
0.2487300000000
0.7421200000000
0.9162000000000
0.2588000000000
0.3054400000000
0.7000500000000
0.9222700000000
0.6997500000000
0.7684800000000
0.1107500000000
0.2561600000000
0.6789200000000
0.7035800000000
0.6707400000000
0.9148400000000
0.9971100000000
0.2235800000000
0.2496600000000
0.7663600000000
0.0988000000000
0.0750000000000
0.1000000000000
0.3000000000000
0.7000000000000
0.7500000000000
0.9750000000000
Case #24: 
0.3400000000000
0.3930000000000
0.4000000000000
0.4120000000000
0.4127000000000
0.4300000000000
0.4400000000000
0.4530000000000
0.4543000000000
0.4600000000000
0.5000000000000
0.5100000000000
0.5200000000000
0.5244000000000
0.5280000000000
0.5310000000000
0.5370000000000
0.5400000000000
0.5900000000000
0.5970000000000
0.6000000000000
0.6100000000000
0.6179000000000
0.6190000000000
0.6200000000000
0.6400000000000
0.6520000000000
0.6542000000000
0.1111200000000
0.1200000000000
0.1263000000000
0.1300000000000
0.1416000000000
0.1500000000000
0.1900000000000
0.2000000000000
0.2010000000000
0.2070000000000
0.2080000000000
0.2216000000000
0.7819000000000
0.7850000000000
0.7900000000000
0.7920000000000
0.8000000000000
0.8080000000000
0.8283000000000
0.8290000000000
0.8390000000000
0.8410000000000
0.8435000000000
0.8642000000000
0.8682000000000
0.8700000000000
0.8754000000000
0.8839000000000
0.8876000000000
0.0570000000000
0.0696000000000
0.0700000000000
0.2592600000000
0.2819000000000
0.7400000000000
0.9400000000000
0.9446000000000
0.9500000000000
0.9502000000000
0.9587000000000
0.0170000000000
0.0177000000000
0.0200000000000
0.0204000000000
0.0230000000000
0.3200000000000
0.6800000000000
0.9100000000000
0.9800000000000
0.2510300000000
0.3004200000000
0.7450000000000
0.8930100000000
0.9940000000000
0.2240000000000
0.2482900000000
0.7421200000000
0.9725700000000
0.9890300000000
0.7768700000000
0.9167900000000
0.2562200000000
0.6668200000000
0.8900000000000
0.2314200000000
0.3045800000000
0.9968600000000
0.1000000000000
0.2500000000000
0.3000000000000
0.7000000000000
0.9000000000000
Case #25: 
0.3431000000000
0.4000000000000
0.5200000000000
0.1800000000000
0.6700000000000
Case #26: 
0.0250000000000
0.2500000000000
0.3000000000000
0.3250000000000
0.7500000000000
Case #27: 
0.3500000000000
0.5464000000000
0.9508000000000
0.9200000000000
0.2560000000000
Case #28: 
0.3400000000000
0.3510000000000
0.3540000000000
0.3700000000000
0.3704000000000
0.3820000000000
0.3891000000000
0.3923000000000
0.4000000000000
0.4006000000000
0.4180000000000
0.4300000000000
0.4420000000000
0.4500000000000
0.4556000000000
0.4777000000000
0.4897000000000
0.5000000000000
0.5145000000000
0.5400000000000
0.5420000000000
0.5530000000000
0.5543000000000
0.5570000000000
0.5910000000000
0.6000000000000
0.6010000000000
0.6440000000000
0.6450000000000
0.1210000000000
0.1250000000000
0.1264000000000
0.1281000000000
0.1375000000000
0.1400000000000
0.1495000000000
0.1500000000000
0.1700000000000
0.1790000000000
0.1870000000000
0.2000000000000
0.7777800000000
0.7793000000000
0.7870000000000
0.7900000000000
0.7973000000000
0.8000000000000
0.8179000000000
0.8200000000000
0.8300000000000
0.8329000000000
0.8500000000000
0.8582000000000
0.8670000000000
0.0400000000000
0.0600000000000
0.0670000000000
0.0721000000000
0.0728000000000
0.2592600000000
0.2601000000000
0.2700000000000
0.2759000000000
0.2940000000000
0.7120000000000
0.7217000000000
0.7340000000000
0.7400000000000
0.9259300000000
0.9333000000000
0.9549000000000
0.9600000000000
0.0203000000000
0.2400000000000
0.2410000000000
0.3100000000000
0.3150000000000
0.3194000000000
0.7600000000000
0.0075000000000
0.0800000000000
0.2300000000000
0.2510300000000
0.2520000000000
0.7450000000000
0.8938000000000
0.9700000000000
0.9917700000000
0.0355000000000
0.9727000000000
0.2310000000000
0.6781100000000
0.8900000000000
0.2564200000000
0.7447600000000
0.1000000000000
0.2250000000000
0.3000000000000
0.7000000000000
0.9000000000000
Case #29: 
0.4600000000000
0.5200000000000
0.1890000000000
0.2000000000000
0.2220000000000
Case #30: 
0.2318200000000
0.2509900000000
0.0122400000000
0.0851500000000
0.3000000000000
Case #31: 
0.3400000000000
0.3564000000000
0.3582000000000
0.3600000000000
0.3860000000000
0.3993000000000
0.4100000000000
0.4290000000000
0.4600000000000
0.4770000000000
0.5000000000000
0.5160000000000
0.5170000000000
0.5472000000000
0.5820000000000
0.5990000000000
0.6000000000000
0.6070000000000
0.6249000000000
0.6300000000000
0.6486000000000
0.6500000000000
0.6570000000000
0.1111200000000
0.1113000000000
0.1252000000000
0.1410000000000
0.1450000000000
0.1500000000000
0.1602000000000
0.1656000000000
0.2000000000000
0.7777800000000
0.7980000000000
0.8000000000000
0.8292000000000
0.8300000000000
0.8400000000000
0.8750000000000
0.8800000000000
0.8836000000000
0.0480000000000
0.0520000000000
0.2592600000000
0.2699000000000
0.2828000000000
0.7390000000000
0.9298000000000
0.9300000000000
0.9400000000000
0.9435000000000
0.0200000000000
0.0900000000000
0.2345700000000
0.2420000000000
0.2434000000000
0.3146000000000
0.3200000000000
0.7622000000000
0.9823000000000
0.0309000000000
0.0800000000000
0.2290000000000
0.3251100000000
0.7695500000000
0.9200000000000
0.9700000000000
0.9917700000000
0.0100000000000
0.0840000000000
0.7009700000000
0.7668100000000
0.7677000000000
0.0090000000000
0.2309100000000
0.2967600000000
0.3296800000000
0.3300000000000
0.6700000000000
0.1100000000000
0.3074300000000
0.3238900000000
0.6761000000000
0.7006600000000
0.7436400000000
0.9230000000000
0.9905600000000
0.2253300000000
0.6694700000000
0.9139400000000
0.9657600000000
0.9743100000000
0.1070000000000
0.0250000000000
0.1000000000000
0.2500000000000
0.3000000000000
0.7000000000000
0.7500000000000
0.9000000000000
Case #32: 
0.3500000000000
0.3540000000000
0.3600000000000
0.3700000000000
0.3704000000000
0.4000000000000
0.4210000000000
0.4347000000000
0.4419000000000
0.4600000000000
0.4626000000000
0.4690000000000
0.4694000000000
0.5002000000000
0.5014000000000
0.5020000000000
0.5183000000000
0.5737000000000
0.5780000000000
0.5806000000000
0.5836000000000
0.6000000000000
0.6020000000000
0.6036000000000
0.6100000000000
0.6320000000000
0.6370000000000
0.6415000000000
0.1113000000000
0.1200000000000
0.1235000000000
0.2000000000000
0.2100000000000
0.2113000000000
0.2163000000000
0.7819000000000
0.7866000000000
0.8000000000000
0.8020000000000
0.8036000000000
0.8095000000000
0.8200000000000
0.8250000000000
0.8400000000000
0.8444000000000
0.8556000000000
0.8824000000000
0.0480000000000
0.0700000000000
0.2600000000000
0.2850000000000
0.2957000000000
0.2960000000000
0.7040000000000
0.7080000000000
0.7100000000000
0.9259300000000
0.9525000000000
0.9565000000000
0.9575000000000
0.9600000000000
0.0223000000000
0.0240000000000
0.3086500000000
0.6871000000000
0.7530900000000
0.7533000000000
0.7640000000000
0.0300000000000
0.0800000000000
0.2263400000000
0.2280000000000
0.2300000000000
0.7448600000000
0.9177100000000
0.0346000000000
0.1001400000000
0.3059100000000
0.3308000000000
0.8902700000000
0.8987000000000
0.9730000000000
0.9900000000000
0.9903000000000
0.7494300000000
0.9716600000000
0.0999000000000
0.2223800000000
0.6677400000000
0.9228800000000
0.6698000000000
0.6671000000000
0.0040000000000
0.0370000000000
0.3210000000000
0.1000000000000
0.2500000000000
0.3000000000000
0.7000000000000
0.9000000000000
Case #33: 
0.3480000000000
0.3720000000000
0.3770000000000
0.3842200000000
0.3885000000000
0.4000000000000
0.4270000000000
0.4451800000000
0.4503800000000
0.4869700000000
0.4906500000000
0.5213000000000
0.5937600000000
0.6071400000000
0.1111200000000
0.1235000000000
0.1240000000000
0.1460200000000
0.1500000000000
0.2017200000000
0.2100000000000
0.7978800000000
0.8043800000000
0.8368000000000
0.8600000000000
0.8723000000000
0.0602900000000
0.0666300000000
0.2592600000000
0.2607000000000
0.2629800000000
0.2689400000000
0.7090500000000
0.7100000000000
0.9259300000000
0.0246700000000
0.0910000000000
0.2345700000000
0.2350000000000
0.3086500000000
0.3100000000000
0.3161900000000
0.6790200000000
0.7530900000000
0.7545000000000
0.7604400000000
0.7625700000000
0.3010000000000
0.3015000000000
0.6954800000000
0.7695500000000
0.8930100000000
0.9200000000000
0.6694100000000
0.7681700000000
0.9900000000000
0.2584000000000
0.2588000000000
0.3296800000000
0.6753600000000
0.9716600000000
0.3046800000000
0.3238900000000
0.6759700000000
0.7518700000000
0.7739400000000
0.8890500000000
0.9632600000000
0.2344800000000
0.6676400000000
0.6697700000000
0.8983900000000
0.9877500000000
0.0247200000000
0.0283800000000
0.0836500000000
0.2336300000000
0.7520500000000
0.0082400000000
0.3305800000000
0.6707400000000
0.7438300000000
0.7747200000000
0.9743500000000
0.2235800000000
0.0028800000000
0.0769200000000
0.2318200000000
0.2964100000000
0.0256400000000
0.0851500000000
0.7503300000000
0.7009100000000
0.7764100000000
0.1000000000000
0.2250000000000
0.3000000000000
0.6750000000000
0.7000000000000
0.9250000000000
Case #34: 
0.6006000000000
0.8672700000000
0.0481000000000
0.7100000000000
0.0870000000000
Case #35: 
0.4000000000000
0.6400000000000
0.1128900000000
0.1000000000000
0.3000000000000
Case #36: 
0.5568700000000
0.5847400000000
0.1695900000000
0.9792500000000
0.0083200000000
Case #37: 
0.3460100000000
0.3626100000000
0.3684500000000
0.3720400000000
0.3940800000000
0.4147100000000
0.4147600000000
0.4329700000000
0.4457300000000
0.4484800000000
0.4593600000000
0.4604600000000
0.5291800000000
0.5899300000000
0.6000100000000
0.6293600000000
0.1437700000000
0.1633600000000
0.1646500000000
0.1828600000000
0.8033200000000
0.8112700000000
0.8509600000000
0.8522200000000
0.8548700000000
0.8575700000000
0.8817700000000
0.0518900000000
0.2901600000000
0.0151600000000
0.6819200000000
0.7609300000000
0.9769700000000
0.0298700000000
0.0785200000000
0.8965900000000
0.1085100000000
0.6694100000000
0.7681700000000
0.2588000000000
0.3054400000000
0.9637800000000
0.7684800000000
0.9632600000000
0.2561600000000
0.9877500000000
0.0247200000000
0.0283800000000
0.0777600000000
0.0836500000000
0.2336300000000
0.3292500000000
0.7035800000000
0.7439200000000
0.7520500000000
0.9917500000000
0.0082400000000
0.0259200000000
0.2315100000000
0.2479400000000
0.2990800000000
0.3305800000000
0.6707400000000
0.6945500000000
0.7438300000000
0.7445400000000
0.9011900000000
0.9148400000000
0.9230700000000
0.9716100000000
0.9971100000000
0.0367300000000
0.2235800000000
0.2496600000000
0.7663600000000
0.0028800000000
0.0769200000000
0.2509900000000
0.2554500000000
0.2964100000000
0.9752700000000
0.0256400000000
0.0851500000000
0.7503300000000
0.7009100000000
0.7764100000000
0.0250000000000
0.0750000000000
0.1000000000000
0.2250000000000
0.2500000000000
0.3000000000000
0.3250000000000
0.6750000000000
0.7000000000000
0.7500000000000
0.7750000000000
0.9000000000000
0.9250000000000
0.9750000000000
Case #38: 
0.3444300000000
0.4026800000000
0.4399600000000
0.4899100000000
0.5329200000000
0.5500100000000
0.5656700000000
0.5767100000000
0.5904900000000
0.5989100000000
0.6079500000000
0.1166500000000
0.1727600000000
0.7874700000000
0.8069500000000
0.8125500000000
0.8343400000000
0.8380400000000
0.8434500000000
0.8591300000000
0.8597500000000
0.8819200000000
0.0535700000000
0.0698300000000
0.7113900000000
0.7315100000000
0.7319600000000
0.9380900000000
0.0212800000000
0.0891200000000
0.2406100000000
0.7641900000000
0.0811300000000
0.8936400000000
0.2985300000000
0.3234500000000
0.6694100000000
0.7681700000000
0.0334500000000
0.2588000000000
0.3054400000000
0.7002700000000
0.7687200000000
0.7684800000000
0.9632600000000
0.1107500000000
0.2963900000000
0.9877500000000
0.0247200000000
0.2336300000000
0.3292500000000
0.7035800000000
0.7490000000000
0.7520500000000
0.9917500000000
0.0082400000000
0.0259200000000
0.2990800000000
0.3305800000000
0.6945500000000
0.7411900000000
0.7438300000000
0.7445400000000
0.9011900000000
0.9148400000000
0.9230700000000
0.9716100000000
0.9743500000000
0.9971100000000
0.0367300000000
0.2235800000000
0.2496600000000
0.0028800000000
0.0769200000000
0.0988000000000
0.2318200000000
0.2554500000000
0.2964100000000
0.8892400000000
0.9752700000000
0.0122400000000
0.0256400000000
0.0851500000000
0.7503300000000
0.7009100000000
0.7764100000000
0.0250000000000
0.0750000000000
0.1000000000000
0.2250000000000
0.2500000000000
0.3000000000000
0.3250000000000
0.6750000000000
0.7000000000000
0.7500000000000
0.7750000000000
0.9000000000000
0.9250000000000
0.9750000000000
Case #39: 
0.5638300000000
0.2708500000000
0.0168300000000
0.9183100000000
0.2478200000000
Case #40: 
0.3510000000000
0.4000000000000
0.5077700000000
0.1800000000000
0.2562600000000
Case #41: 
0.3431000000000
0.3572000000000
0.3600000000000
0.3704000000000
0.3801000000000
0.3990000000000
0.4000000000000
0.4163000000000
0.4180000000000
0.4244000000000
0.4640000000000
0.4680000000000
0.4800000000000
0.5000000000000
0.5100000000000
0.5300000000000
0.5800000000000
0.5840000000000
0.5841000000000
0.5920000000000
0.6000000000000
0.6200000000000
0.6270000000000
0.6300000000000
0.6371000000000
0.6420000000000
0.6500000000000
0.6543000000000
0.1111200000000
0.1190000000000
0.1340000000000
0.1388000000000
0.1600000000000
0.1880000000000
0.1900000000000
0.2000000000000
0.2032000000000
0.2200000000000
0.7777800000000
0.7819000000000
0.7872000000000
0.8000000000000
0.8160000000000
0.8230000000000
0.8261000000000
0.8610000000000
0.8690000000000
0.0383000000000
0.0458000000000
0.0484000000000
0.0500000000000
0.0540000000000
0.0560000000000
0.0657000000000
0.0700000000000
0.2800000000000
0.2869000000000
0.7037100000000
0.7081000000000
0.9445000000000
0.9500000000000
0.9539000000000
0.2420000000000
0.2440000000000
0.6790200000000
0.7552000000000
0.9790000000000
0.9820000000000
0.0080000000000
0.0800000000000
0.1028900000000
0.2299000000000
0.6723000000000
0.6954800000000
0.7454000000000
0.9670800000000
0.9700000000000
0.9917700000000
0.1083700000000
0.1096000000000
0.9149600000000
0.9973000000000
0.6698700000000
0.7521800000000
0.7690000000000
0.9167900000000
0.2975000000000
0.3330300000000
0.9164800000000
0.2222800000000
0.3048900000000
0.6780100000000
0.7490300000000
0.9913700000000
0.9960000000000
0.1000000000000
0.2500000000000
0.3000000000000
0.7000000000000
0.9000000000000
Case #42: 
0.3000000000000
0.3250000000000
0.7500000000000
0.9250000000000
0.9750000000000
Case #43: 
0.3815300000000
0.4146900000000
0.5073800000000
0.6048300000000
0.9482800000000
Case #44: 
0.3390000000000
0.3580000000000
0.3600000000000
0.3644000000000
0.3700000000000
0.3770000000000
0.3901000000000
0.3970000000000
0.4000000000000
0.4020000000000
0.4100000000000
0.4300000000000
0.4319000000000
0.4500000000000
0.5000000000000
0.5190000000000
0.5200000000000
0.5400000000000
0.5450000000000
0.5476000000000
0.5920000000000
0.6000000000000
0.6500000000000
0.6619000000000
0.1111200000000
0.1360000000000
0.1500000000000
0.1600000000000
0.1700000000000
0.1907000000000
0.2000000000000
0.2023000000000
0.2110000000000
0.7777800000000
0.7789000000000
0.7790000000000
0.7819000000000
0.7921000000000
0.8000000000000
0.8076000000000
0.8100000000000
0.8285000000000
0.8334000000000
0.8610000000000
0.8642000000000
0.8660000000000
0.8760000000000
0.8780000000000
0.8800000000000
0.0532000000000
0.0630000000000
0.0730000000000
0.2650000000000
0.2700000000000
0.7037100000000
0.7090000000000
0.9535000000000
0.9610000000000
0.0142000000000
0.2345700000000
0.3198000000000
0.3200000000000
0.6900000000000
0.7530900000000
0.7540000000000
0.9100000000000
0.9753100000000
0.9800000000000
0.0300000000000
0.2515000000000
0.3004200000000
0.3251100000000
0.6707900000000
0.7695500000000
0.7700000000000
0.9200000000000
0.9670800000000
0.2328000000000
0.3070000000000
0.9900000000000
0.1102100000000
0.2995100000000
0.7741200000000
0.9167900000000
0.2479900000000
0.3330300000000
0.7024900000000
0.8900000000000
0.9660000000000
0.1101100000000
0.2506300000000
0.3222600000000
0.6926300000000
0.9986800000000
0.3330000000000
0.9140000000000
0.1000000000000
0.3000000000000
0.7000000000000
0.9000000000000
Case #45: 
0.0250000000000
0.1000000000000
0.3000000000000
0.3250000000000
0.7000000000000
Case #46: 
0.3338000000000
0.4000000000000
0.4881800000000
0.5000000000000
0.5058000000000
0.5120400000000
0.5286200000000
0.5300000000000
0.5555000000000
0.6000000000000
0.6006400000000
0.6248300000000
0.6486600000000
0.1111200000000
0.1113000000000
0.1144000000000
0.1235000000000
0.1242800000000
0.1360000000000
0.1459600000000
0.1843700000000
0.1869900000000
0.2177500000000
0.7777800000000
0.7819000000000
0.7954700000000
0.8362700000000
0.8642000000000
0.8795200000000
0.0400000000000
0.0650000000000
0.2592600000000
0.2607000000000
0.2931300000000
0.7037100000000
0.7120900000000
0.9259300000000
0.9436700000000
0.9467100000000
0.0979700000000
0.3120900000000
0.6900100000000
0.7530900000000
0.9028900000000
0.9753100000000
0.0070000000000
0.2263400000000
0.2273000000000
0.3004200000000
0.6990000000000
0.7448600000000
0.8961200000000
0.9202900000000
0.9917700000000
0.9933500000000
0.0100000000000
0.6694100000000
0.7681700000000
0.9900000000000
0.1074600000000
0.6700000000000
0.7027900000000
0.9720400000000
0.2342700000000
0.7527900000000
0.7684800000000
0.9000200000000
0.1107500000000
0.8920000000000
0.9712500000000
0.9739900000000
0.0836500000000
0.7035800000000
0.7490000000000
0.9917500000000
0.3305800000000
0.6707400000000
0.6945500000000
0.7411900000000
0.7445400000000
0.9230700000000
0.9971100000000
0.0367300000000
0.7663600000000
0.0028800000000
0.0769200000000
0.0988000000000
0.2318200000000
0.2554500000000
0.2964100000000
0.7009100000000
0.7764100000000
0.0250000000000
0.1000000000000
0.2250000000000
0.2500000000000
0.3000000000000
0.7750000000000
0.9000000000000
0.9250000000000
Case #47: 
0.5627800000000
0.1853500000000
0.7356900000000
0.9438300000000
0.0266500000000
Case #48: 
0.2500000000000
0.3000000000000
0.3250000000000
0.6750000000000
0.9750000000000
Case #49: 
0.3335100000000
0.4000000000000
0.4683800000000
0.4982100000000
0.5117000000000
0.5144400000000
0.6178600000000
0.6217100000000
0.6270000000000
0.1111200000000
0.1857600000000
0.2000000000000
0.7777800000000
0.8247100000000
0.8350000000000
0.8511000000000
0.8632000000000
0.8690000000000
0.0691000000000
0.2592600000000
0.7037100000000
0.9265900000000
0.9300000000000
0.2358300000000
0.6800000000000
0.9789500000000
0.6954800000000
0.9198600000000
0.3059100000000
0.3306300000000
0.6694100000000
0.2588000000000
0.3296800000000
0.2479900000000
0.7500400000000
0.9632600000000
0.9640300000000
0.2561600000000
0.7773800000000
0.9877500000000
0.7520500000000
0.2990800000000
0.3305800000000
0.6707400000000
0.6945500000000
0.2318200000000
0.9163400000000
0.9752700000000
0.0851500000000
0.9000100000000
0.0250000000000
0.1000000000000
0.2500000000000
0.3000000000000
0.6750000000000
0.7750000000000
Case #50: 
0.3533400000000
0.3940000000000
0.4294400000000
0.4407000000000
0.4510900000000
0.4557000000000
0.4756900000000
0.5159300000000
0.5326000000000
0.6300000000000
0.6306000000000
0.8000000000000
0.8207100000000
0.8367500000000
0.2881000000000
0.7069300000000
0.7133900000000
0.7370000000000
0.9259300000000
0.0193700000000
0.6790200000000
0.6800000000000
0.7600000000000
0.9012400000000
0.1028900000000
0.2263400000000
0.9177100000000
0.9670800000000
0.6694100000000
0.7668100000000
0.9231900000000
0.2967600000000
0.7001400000000
0.1080700000000
0.3239700000000
0.7445600000000
0.7684800000000
0.1027800000000
0.1107500000000
0.0283800000000
0.0836500000000
0.2990800000000
0.3305800000000
0.9011900000000
0.0367300000000
0.2554500000000
0.2964100000000
0.3302800000000
0.9163400000000
0.0122400000000
0.0256400000000
0.0750000000000
0.1000000000000
0.2500000000000
0.3250000000000
0.7000000000000
0.9000000000000
Case #51: 
0.3532000000000
0.3704000000000
0.4002400000000
0.4463100000000
0.4464400000000
0.4673200000000
0.4686800000000
0.5044400000000
0.5048000000000
0.5075300000000
0.5284000000000
0.5499900000000
0.5500000000000
0.6000000000000
0.6050000000000
0.6560000000000
0.1370000000000
0.1430000000000
0.1497000000000
0.1510000000000
0.1573400000000
0.2171300000000
0.7871400000000
0.8309800000000
0.8360000000000
0.8368000000000
0.8459900000000
0.8500000000000
0.8534000000000
0.8612000000000
0.8642000000000
0.8817900000000
0.8830300000000
0.2592600000000
0.2600000000000
0.2841000000000
0.7070800000000
0.7087400000000
0.7211300000000
0.9259300000000
0.9557100000000
0.0162100000000
0.7530900000000
0.7606400000000
0.7644000000000
0.9012400000000
0.9753100000000
0.0300000000000
0.2263400000000
0.6954800000000
0.7695500000000
0.7728900000000
0.1001400000000
0.2318300000000
0.2985900000000
0.3059100000000
0.6694100000000
0.6927300000000
0.7681700000000
0.9986100000000
0.0280600000000
0.0829000000000
0.3052100000000
0.7741200000000
0.9222700000000
0.9716600000000
0.9881200000000
0.9220000000000
0.1107500000000
0.6758700000000
0.7493300000000
0.9904500000000
0.0283800000000
0.2336300000000
0.7035800000000
0.7490000000000
0.0082400000000
0.0259200000000
0.2315100000000
0.2479400000000
0.7411900000000
0.7445400000000
0.9148400000000
0.9230700000000
0.9716100000000
0.9743500000000
0.0367300000000
0.2235800000000
0.2496600000000
0.7663600000000
0.0028800000000
0.2554500000000
0.3210000000000
0.0122400000000
0.0851500000000
0.0250000000000
0.0750000000000
0.3000000000000
0.7000000000000
0.7500000000000
Case #52: 
0.3431000000000
0.3480400000000
0.3704000000000
0.3918300000000
0.4418900000000
0.5000000000000
0.5348300000000
0.5657600000000
0.5713000000000
0.5880000000000
0.6000000000000
0.6048300000000
0.6285200000000
0.1111200000000
0.1127400000000
0.1410700000000
0.1572800000000
0.1600000000000
0.1662400000000
0.1701200000000
0.1940000000000
0.2000000000000
0.2123800000000
0.8000000000000
0.8199900000000
0.8246000000000
0.8461900000000
0.8642000000000
0.0700000000000
0.2592600000000
0.2636000000000
0.2655800000000
0.2883000000000
0.7177800000000
0.7200000000000
0.9259300000000
0.9610000000000
0.2449400000000
0.2453800000000
0.3086500000000
0.3100000000000
0.3179000000000
0.7530900000000
0.9060000000000
0.9753100000000
0.1028900000000
0.2286000000000
0.2510300000000
0.6710000000000
0.9200000000000
0.9685000000000
0.9917700000000
0.0344100000000
0.2318300000000
0.2320000000000
0.6680400000000
0.6694100000000
0.7681700000000
0.9240200000000
0.9890300000000
0.2310000000000
0.2501200000000
0.2588000000000
0.9661700000000
0.9990900000000
0.2223800000000
0.2589600000000
0.8917900000000
0.9658600000000
0.7493400000000
0.9877500000000
0.0111000000000
0.2336300000000
0.7035800000000
0.7490000000000
0.9740700000000
0.0259200000000
0.2315100000000
0.2479400000000
0.2990800000000
0.3305800000000
0.6707400000000
0.6945500000000
0.7411900000000
0.9230700000000
0.9743500000000
0.0367300000000
0.2222700000000
0.2496600000000
0.2318200000000
0.2509900000000
0.8892400000000
0.0122400000000
0.0256400000000
0.0750000000000
0.3000000000000
0.3250000000000
0.7000000000000
0.7500000000000
0.9750000000000
Case #53: 
0.9877500000000
0.1000000000000
0.2250000000000
0.7500000000000
0.9000000000000
Case #54: 
0.3480000000000
0.3640000000000
0.3691000000000
0.3800000000000
0.3864000000000
0.3900000000000
0.4000000000000
0.4130000000000
0.4300000000000
0.4618000000000
0.4677000000000
0.4750000000000
0.5000000000000
0.5027000000000
0.5030000000000
0.5280000000000
0.5530000000000
0.5681000000000
0.5770000000000
0.5800000000000
0.6000000000000
0.6010000000000
0.6100000000000
0.6130000000000
0.6200000000000
0.6357000000000
0.6400000000000
0.6627000000000
0.6650000000000
0.1111200000000
0.1630000000000
0.1660000000000
0.1804000000000
0.2000000000000
0.2203000000000
0.7777800000000
0.7800000000000
0.7900000000000
0.7963000000000
0.8000000000000
0.8050000000000
0.8064000000000
0.8600000000000
0.8621000000000
0.8642000000000
0.8680000000000
0.0508000000000
0.0700000000000
0.2700000000000
0.2778000000000
0.2800000000000
0.7037100000000
0.7050000000000
0.7100000000000
0.7200000000000
0.7344000000000
0.9259300000000
0.9360000000000
0.9400000000000
0.9420000000000
0.9564000000000
0.0200000000000
0.2392000000000
0.6800000000000
0.6817000000000
0.6819000000000
0.9100000000000
0.9103000000000
0.9753100000000
0.9760000000000
0.9770000000000
0.2263400000000
0.2510300000000
0.6970000000000
0.9204000000000
0.2236100000000
0.6770000000000
0.6941000000000
0.7009700000000
0.9149600000000
0.9643400000000
0.2473800000000
0.3050000000000
0.3300000000000
0.6918200000000
0.8920900000000
0.9716600000000
0.6668200000000
0.6695700000000
0.6997500000000
0.8891000000000
0.8900000000000
0.9631200000000
0.1101000000000
0.2308100000000
0.9990000000000
0.6670000000000
0.1000000000000
0.3000000000000
0.9250000000000
Case #55: 
0.3340000000000
0.3600000000000
0.3690000000000
0.3704000000000
0.3900000000000
0.4264000000000
0.4330000000000
0.4430000000000
0.4580000000000
0.4600000000000
0.4711000000000
0.5000000000000
0.5129000000000
0.5137000000000
0.5139000000000
0.5300000000000
0.5400000000000
0.5564000000000
0.5733000000000
0.5744000000000
0.6000000000000
0.6100000000000
0.6300000000000
0.6400000000000
0.6500000000000
0.1111200000000
0.1133000000000
0.1400000000000
0.1778000000000
0.1787000000000
0.1887000000000
0.1950000000000
0.1990000000000
0.2000000000000
0.2110000000000
0.7800000000000
0.7965000000000
0.8000000000000
0.8208000000000
0.8277000000000
0.8334000000000
0.8500000000000
0.8612000000000
0.8700000000000
0.0470000000000
0.0487000000000
0.0600000000000
0.0690000000000
0.0700000000000
0.2674000000000
0.2800000000000
0.2813000000000
0.2870000000000
0.2930000000000
0.7037100000000
0.7120000000000
0.7260000000000
0.9291000000000
0.9310000000000
0.9507000000000
0.9596000000000
0.0140000000000
0.0200000000000
0.0890000000000
0.0900000000000
0.0906000000000
0.0930000000000
0.2345700000000
0.2440000000000
0.7545000000000
0.9819000000000
0.0800000000000
0.1028900000000
0.2300000000000
0.7454000000000
0.8950000000000
0.9199000000000
0.9200000000000
0.9670800000000
0.0760000000000
0.3305900000000
0.7011000000000
0.8912000000000
0.9900000000000
0.9972600000000
0.3324200000000
0.6700000000000
0.9226000000000
0.1100000000000
0.8927100000000
0.9228800000000
0.1024800000000
0.9724700000000
0.6789000000000
0.3210000000000
0.1000000000000
0.3000000000000
0.7000000000000
0.7500000000000
0.9000000000000
Case #56: 
0.9743500000000
0.0122400000000
0.1000000000000
0.2250000000000
0.3000000000000
Case #57: 
0.3536300000000
0.3700000000000
0.4844600000000
0.5052900000000
0.5916300000000
0.6460300000000
0.1111200000000
0.1310000000000
0.1380000000000
0.1686300000000
0.7970600000000
0.8000000000000
0.8361300000000
0.8397500000000
0.8541000000000
0.8842600000000
0.2592600000000
0.2910000000000
0.7082800000000
0.7147000000000
0.7292300000000
0.9259300000000
0.0926500000000
0.2345700000000
0.2400000000000
0.3086500000000
0.7640200000000
0.9012400000000
0.9753100000000
0.3254500000000
0.7700000000000
0.8940000000000
0.9691000000000
0.9923000000000
0.1010000000000
0.2553100000000
0.7655900000000
0.8917900000000
0.1107500000000
0.2561600000000
0.3323200000000
0.7411100000000
0.0283800000000
0.0836500000000
0.2990800000000
0.6945500000000
0.7411900000000
0.7445400000000
0.9011900000000
0.2235800000000
0.2496600000000
0.0769200000000
0.0988000000000
0.0851500000000
0.7503300000000
0.2500000000000
0.3000000000000
0.3250000000000
0.6750000000000
0.7500000000000
0.9000000000000
Case #58: 
0.3342200000000
0.3704000000000
0.4000300000000
0.4210000000000
0.4274700000000
0.4305800000000
0.4481400000000
0.4600000000000
0.4776200000000
0.4992300000000
0.5520000000000
0.5675100000000
0.6000000000000
0.6058000000000
0.6060200000000
0.6262000000000
0.6300000000000
0.6399300000000
0.6400000000000
0.1111200000000
0.1366900000000
0.1380000000000
0.1480000000000
0.1563900000000
0.1600000000000
0.2152400000000
0.2216000000000
0.7777800000000
0.7819000000000
0.8000000000000
0.8380000000000
0.8551000000000
0.8590000000000
0.0389100000000
0.0410000000000
0.0740000000000
0.2635700000000
0.2805300000000
0.2890000000000
0.7037100000000
0.7239400000000
0.7374000000000
0.9600000000000
0.2345700000000
0.2416700000000
0.2451000000000
0.7545000000000
0.7600000000000
0.9025600000000
0.3004200000000
0.3251100000000
0.3288500000000
0.6978500000000
0.8930100000000
0.9200000000000
0.2484100000000
0.3305900000000
0.6694100000000
0.7009700000000
0.7750400000000
0.9231900000000
0.0994100000000
0.2226800000000
0.2588000000000
0.3054400000000
0.9003300000000
0.2507300000000
0.7665100000000
0.9632600000000
0.1107500000000
0.2561400000000
0.6670300000000
0.6761700000000
0.7682300000000
0.9752100000000
0.0283800000000
0.3292500000000
0.7035800000000
0.9740700000000
0.0082400000000
0.0259200000000
0.2479400000000
0.6707400000000
0.7445400000000
0.9230700000000
0.9743500000000
0.9971100000000
0.2496600000000
0.7663600000000
0.2509900000000
0.2554500000000
0.9752700000000
0.0256400000000
0.0851500000000
0.7009100000000
0.1000000000000
0.2500000000000
0.6750000000000
0.7000000000000
0.7750000000000
Case #59: 
0.2250000000000
0.2500000000000
0.9000000000000
0.9250000000000
0.9750000000000
Case #60: 
0.5200000000000
0.5999000000000
0.6796000000000
0.1000000000000
0.7000000000000
Case #61: 
0.3345400000000
0.3704000000000
0.4126200000000
0.4200000000000
0.4280800000000
0.5141000000000
0.5416500000000
0.6000000000000
0.1111200000000
0.1687300000000
0.1763000000000
0.2200000000000
0.7789000000000
0.7858400000000
0.0501000000000
0.0694000000000
0.7037100000000
0.7128300000000
0.9259300000000
0.9300600000000
0.2345700000000
0.2411000000000
0.7545000000000
0.2510300000000
0.3251100000000
0.7695500000000
0.9177100000000
0.9688800000000
0.2588000000000
0.9142700000000
0.0030000000000
0.1100000000000
0.6917200000000
0.9642400000000
0.9877500000000
0.0247200000000
0.2336300000000
0.3292500000000
0.7035800000000
0.3305800000000
0.7438300000000
0.0367300000000
0.2235800000000
0.0028800000000
0.0988000000000
0.2554500000000
0.1000000000000
0.3000000000000
0.3250000000000
0.6750000000000
0.7000000000000
0.7750000000000
Case #62: 
0.3832200000000
0.4844700000000
0.5194800000000
0.2143200000000
0.9503300000000
Case #63: 
0.6707400000000
0.0028800000000
0.1000000000000
0.2500000000000
0.7000000000000
Case #64: 
0.1000000000000
0.2250000000000
0.2500000000000
0.3000000000000
0.3250000000000
Case #65: 
0.3340200000000
0.3420100000000
0.3612100000000
0.3897300000000
0.3980300000000
0.4105200000000
0.4115500000000
0.4465600000000
0.4910100000000
0.5564800000000
0.5627700000000
0.5808100000000
0.6100200000000
0.6150500000000
0.6279400000000
0.1322900000000
0.1560300000000
0.1686900000000
0.1761300000000
0.1931300000000
0.2052800000000
0.2167100000000
0.7835300000000
0.8060600000000
0.8252500000000
0.0556400000000
0.0622500000000
0.2683900000000
0.2714500000000
0.2732200000000
0.2821600000000
0.9775100000000
0.9828300000000
0.9858900000000
0.9214100000000
0.6694100000000
0.7681700000000
0.0007900000000
0.2588000000000
0.3054400000000
0.3298700000000
0.9967300000000
0.9632600000000
0.1107500000000
0.2561600000000
0.0095700000000
0.0247200000000
0.0283800000000
0.0836500000000
0.2336300000000
0.7035800000000
0.7490000000000
0.7520500000000
0.7666700000000
0.9740700000000
0.9917500000000
0.0082400000000
0.0259200000000
0.2315100000000
0.2479400000000
0.2990800000000
0.3305800000000
0.6945500000000
0.7411900000000
0.7445400000000
0.9011900000000
0.9148400000000
0.9230700000000
0.9716100000000
0.9743500000000
0.9971100000000
0.0367300000000
0.2496600000000
0.7663600000000
0.0028800000000
0.0769200000000
0.2318200000000
0.2509900000000
0.2964100000000
0.8892400000000
0.9752700000000
0.0122400000000
0.0256400000000
0.0851500000000
0.7009100000000
0.7764100000000
0.0250000000000
0.0750000000000
0.1000000000000
0.2250000000000
0.2500000000000
0.3000000000000
0.3250000000000
0.6750000000000
0.7000000000000
0.7500000000000
0.7750000000000
0.9000000000000
0.9250000000000
0.9750000000000
Case #66: 
0.4078000000000
0.0646000000000
0.2592600000000
0.6790200000000
0.9250200000000
Case #67: 
0.1747500000000
0.8685800000000
0.0887700000000
0.9965200000000
0.7009500000000
Case #68: 
0.2000000000000
0.7800000000000
0.7810000000000
0.8000000000000
0.3000000000000
Case #69: 
0.3460000000000
0.3640000000000
0.3856000000000
0.3950000000000
0.3956000000000
0.3973000000000
0.4000000000000
0.4096000000000
0.4210000000000
0.4398000000000
0.4570000000000
0.4611000000000
0.4800000000000
0.5000000000000
0.5030000000000
0.5090000000000
0.5094000000000
0.5140000000000
0.5201000000000
0.5210000000000
0.5249000000000
0.5432000000000
0.5470000000000
0.5582000000000
0.5600000000000
0.5620000000000
0.5800000000000
0.6000000000000
0.6300000000000
0.6350000000000
0.6370000000000
0.6400000000000
0.1111200000000
0.1182000000000
0.1200000000000
0.1235000000000
0.1357000000000
0.1700000000000
0.1900000000000
0.2000000000000
0.2200000000000
0.7777800000000
0.7937000000000
0.7992000000000
0.8000000000000
0.8055000000000
0.8200000000000
0.8520000000000
0.8600000000000
0.8700000000000
0.0371000000000
0.0400000000000
0.0540000000000
0.0700000000000
0.2640000000000
0.2900000000000
0.7063000000000
0.7090000000000
0.9259300000000
0.9310000000000
0.9340000000000
0.9390000000000
0.9400000000000
0.9466000000000
0.0180000000000
0.0200000000000
0.0210000000000
0.2345700000000
0.6790200000000
0.9012400000000
0.9753100000000
0.9830000000000
0.2300000000000
0.2510300000000
0.2550000000000
0.6954800000000
0.7695500000000
0.8930100000000
0.9198000000000
0.9670800000000
0.9700000000000
0.0100000000000
0.2318300000000
0.2976700000000
0.3060000000000
0.3223600000000
0.7423000000000
0.7668100000000
0.9900000000000
0.3241900000000
0.7494300000000
0.9636000000000
0.2498100000000
0.8890500000000
0.7529900000000
0.3210000000000
0.1000000000000
0.3000000000000
0.7000000000000
0.9000000000000
Case #70: 
0.0247200000000
0.0367300000000
0.2250000000000
0.9250000000000
0.9750000000000
Case #71: 
0.3704000000000
0.3910200000000
0.4000000000000
0.4078300000000
0.4391600000000
0.4397900000000
0.4455300000000
0.4528100000000
0.4632800000000
0.5562100000000
0.5670000000000
0.5689300000000
0.5856000000000
0.5997400000000
0.6000000000000
0.6075300000000
0.6389700000000
0.6405200000000
0.6430000000000
0.6464300000000
0.1111200000000
0.1235000000000
0.1555000000000
0.1700000000000
0.2198000000000
0.7836900000000
0.8000000000000
0.8087700000000
0.8642000000000
0.0410000000000
0.0501000000000
0.2592600000000
0.2640000000000
0.7037100000000
0.7200000000000
0.7244700000000
0.7280000000000
0.7367000000000
0.9573100000000
0.2345700000000
0.3086500000000
0.7530900000000
0.9012400000000
0.9753100000000
0.9824000000000
0.0803900000000
0.1028900000000
0.1039600000000
0.2263400000000
0.2280000000000
0.7728900000000
0.9177100000000
0.3305900000000
0.8902700000000
0.2309100000000
0.2336600000000
0.3054400000000
0.3324200000000
0.0742400000000
0.9228800000000
0.1107500000000
0.2332500000000
0.2561600000000
0.3045900000000
0.3237900000000
0.6703800000000
0.7520800000000
0.9249100000000
0.0283800000000
0.0836500000000
0.2336300000000
0.3292500000000
0.7520500000000
0.8919700000000
0.9740700000000
0.2315100000000
0.6707400000000
0.7411900000000
0.9230700000000
0.9716100000000
0.9743500000000
0.2235800000000
0.2509800000000
0.7663600000000
0.0769200000000
0.2318200000000
0.2554500000000
0.2964100000000
0.8892400000000
0.9752700000000
0.7503300000000
0.7009100000000
0.0750000000000
0.1000000000000
0.2500000000000
0.3000000000000
0.7000000000000
0.7750000000000
0.9000000000000
0.9250000000000
Case #72: 
0.3653000000000
0.3770000000000
0.3952800000000
0.4007100000000
0.4969700000000
0.4999200000000
0.5023700000000
0.5879500000000
0.6215100000000
0.6298000000000
0.6650600000000
0.1111200000000
0.2000000000000
0.8520000000000
0.2592600000000
0.7037100000000
0.7400000000000
0.9568000000000
0.0957000000000
0.3086500000000
0.6835500000000
0.6883800000000
0.7547000000000
0.9012400000000
0.0800000000000
0.2290000000000
0.1009900000000
0.1083700000000
0.3305900000000
0.7681700000000
0.9231900000000
0.1074600000000
0.2309100000000
0.2997000000000
0.3327200000000
0.9167900000000
0.9882000000000
0.9632600000000
0.7420200000000
0.7773800000000
0.0283800000000
0.0836500000000
0.3292500000000
0.9740700000000
0.2479400000000
0.3305800000000
0.6707400000000
0.2235800000000
0.7663600000000
0.8892400000000
0.9752700000000
0.7764100000000
0.1000000000000
0.3000000000000
0.7000000000000
0.9000000000000
0.9750000000000
Case #73: 
0.4000000000000
0.1235000000000
0.1990000000000
0.2100000000000
0.9462000000000
Case #74: 
0.3555600000000
0.3809400000000
0.3840500000000
0.4067400000000
0.4486700000000
0.4511100000000
0.5056600000000
0.5153100000000
0.5454500000000
0.5524500000000
0.5926400000000
0.6002300000000
0.6023800000000
0.6352100000000
0.6371400000000
0.1127400000000
0.1475900000000
0.1590100000000
0.1603700000000
0.8342100000000
0.8427800000000
0.8445200000000
0.8532700000000
0.2676900000000
0.9354600000000
0.9389200000000
0.9476200000000
0.9533500000000
0.9545400000000
0.9573900000000
0.0231700000000
0.7559500000000
0.9825900000000
0.0350800000000
0.6694100000000
0.7021700000000
0.7681700000000
0.2588000000000
0.3054400000000
0.0111300000000
0.0743700000000
0.6779300000000
0.7684800000000
0.9632600000000
0.1107500000000
0.2561600000000
0.9877500000000
0.0247200000000
0.0283800000000
0.0836500000000
0.2336300000000
0.7035800000000
0.7490000000000
0.7520500000000
0.9740700000000
0.0082400000000
0.0259200000000
0.2315100000000
0.2479400000000
0.2990800000000
0.3305800000000
0.6707400000000
0.6945500000000
0.7438300000000
0.9148400000000
0.9230700000000
0.9716100000000
0.9743500000000
0.0367300000000
0.2235800000000
0.2496600000000
0.7663600000000
0.0769200000000
0.2318200000000
0.2554500000000
0.2964100000000
0.2999700000000
0.8892400000000
0.9163400000000
0.9752700000000
0.0122400000000
0.0256400000000
0.0851500000000
0.7503300000000
0.9996800000000
0.7009100000000
0.0250000000000
0.0750000000000
0.1000000000000
0.2250000000000
0.2500000000000
0.3000000000000
0.3250000000000
0.6750000000000
0.7000000000000
0.7500000000000
0.7750000000000
0.9000000000000
0.9250000000000
0.9750000000000
Case #75: 
0.3381400000000
0.3460000000000
0.3500000000000
0.3519400000000
0.3664000000000
0.4033300000000
0.4124000000000
0.4780100000000
0.5527700000000
0.5620000000000
0.5849700000000
0.5853600000000
0.6180000000000
0.1479600000000
0.2000000000000
0.7777800000000
0.7819000000000
0.8807000000000
0.0710000000000
0.2592600000000
0.7322800000000
0.0900000000000
0.2345700000000
0.3086500000000
0.0043100000000
0.2510300000000
0.6707900000000
0.7503500000000
0.6782700000000
0.7521800000000
0.7665100000000
0.9247100000000
0.2314200000000
0.3292900000000
0.9877500000000
0.2336300000000
0.9917500000000
0.0082400000000
0.6707400000000
0.7445400000000
0.0367300000000
0.7663600000000
0.0988000000000
0.2554500000000
0.9163400000000
0.0851500000000
0.7009100000000
0.3000000000000
0.6750000000000
0.7000000000000
0.7500000000000
0.7750000000000
0.9750000000000
Case #76: 
0.3740000000000
0.4207000000000
0.4900000000000
0.5000000000000
0.7256800000000
Case #77: 
0.3823700000000
0.4047800000000
0.0894200000000
0.0904700000000
0.0074900000000
Case #78: 
0.3405100000000
0.3896700000000
0.3960300000000
0.4054300000000
0.4084500000000
0.4454900000000
0.4549900000000
0.5229200000000
0.5301100000000
0.5488700000000
0.5533900000000
0.5570700000000
0.5665500000000
0.6153600000000
0.6540100000000
0.6610100000000
0.6661100000000
0.1487700000000
0.1670100000000
0.2125700000000
0.7805700000000
0.8335600000000
0.8777800000000
0.8870600000000
0.0430700000000
0.0570200000000
0.2656900000000
0.2744500000000
0.2917300000000
0.7087800000000
0.7225800000000
0.7335800000000
0.0235500000000
0.9762800000000
0.9823300000000
0.2271500000000
0.2535500000000
0.6694100000000
0.6775600000000
0.7681700000000
0.2588000000000
0.3325800000000
0.7684800000000
0.9632600000000
0.2561600000000
0.9877500000000
0.0247200000000
0.0283800000000
0.0836500000000
0.3292500000000
0.7035800000000
0.7490000000000
0.7520500000000
0.9740700000000
0.0082400000000
0.0357100000000
0.2315100000000
0.2479400000000
0.2990800000000
0.3305800000000
0.6707400000000
0.6945500000000
0.7411900000000
0.7438300000000
0.7445400000000
0.9011900000000
0.9148400000000
0.9230700000000
0.9971100000000
0.0367300000000
0.2235800000000
0.7663600000000
0.0028800000000
0.0769200000000
0.0988000000000
0.2318200000000
0.2509900000000
0.2554500000000
0.2964100000000
0.8892400000000
0.9163400000000
0.9752700000000
0.0122400000000
0.0256400000000
0.0851500000000
0.7764100000000
0.0250000000000
0.0750000000000
0.1000000000000
0.2250000000000
0.2500000000000
0.3000000000000
0.3250000000000
0.6750000000000
0.7000000000000
0.7500000000000
0.7750000000000
0.9000000000000
0.9250000000000
0.9750000000000
Case #79: 
0.3399000000000
0.4000000000000
0.4120000000000
0.5100000000000
0.5326300000000
0.5771800000000
0.5874300000000
0.1111200000000
0.1144000000000
0.1900000000000
0.7777800000000
0.7870400000000
0.8576900000000
0.8700000000000
0.8841400000000
0.7037100000000
0.2424900000000
0.7580000000000
0.9770000000000
0.6711600000000
0.6742100000000
0.6990000000000
0.8930100000000
0.9177100000000
0.3306000000000
0.6694100000000
0.8985100000000
0.8995600000000
0.9157900000000
0.9732600000000
0.2309100000000
0.2556100000000
0.2588000000000
0.1081300000000
0.3074300000000
0.7665100000000
0.9247100000000
0.9877500000000
0.2336300000000
0.3292500000000
0.7035800000000
0.2990800000000
0.7445400000000
0.9148400000000
0.9716100000000
0.2235800000000
0.0988000000000
0.2509900000000
0.8901200000000
0.0250000000000
0.1000000000000
0.7000000000000
0.7500000000000
0.9750000000000
Case #80: 
0.0836500000000
0.7445400000000
0.8892400000000
0.7764100000000
0.7750000000000
Case #81: 
0.5174700000000
0.5312300000000
0.6027600000000
0.1802500000000
0.7272900000000
Case #82: 
0.3564000000000
0.3704000000000
0.3840000000000
0.4000000000000
0.4123000000000
0.5970600000000
0.6000000000000
0.1111200000000
0.1313000000000
0.1446200000000
0.1800000000000
0.2000000000000
0.2076200000000
0.7777800000000
0.7862900000000
0.8000000000000
0.8187100000000
0.8421700000000
0.2924200000000
0.2929700000000
0.7119400000000
0.9459200000000
0.9545200000000
0.3115600000000
0.6832000000000
0.2263400000000
0.7695500000000
0.7698600000000
0.9943400000000
0.2570000000000
0.7503500000000
0.7681700000000
0.8902700000000
0.0280000000000
0.3054400000000
0.3080000000000
0.6781100000000
0.9716600000000
0.6704800000000
0.7491300000000
0.9009300000000
0.9658600000000
0.9914700000000
0.6999500000000
0.9227800000000
0.9721600000000
0.9877500000000
0.0283800000000
0.0836500000000
0.9740700000000
0.2315100000000
0.6707400000000
0.6945500000000
0.7438300000000
0.2496600000000
0.7663600000000
0.0028800000000
0.0769200000000
0.8892400000000
0.9752700000000
0.0250000000000
0.2250000000000
0.2500000000000
0.6750000000000
0.7000000000000
0.9000000000000
Case #83: 
0.3800000000000
0.5100000000000
0.7346000000000
0.1028900000000
0.3023000000000
Case #84: 
0.1378900000000
0.1445500000000
0.1501900000000
0.1690700000000
0.8325400000000
Case #85: 
0.4330000000000
0.5000000000000
0.5056800000000
0.5146600000000
0.5282800000000
0.5399000000000
0.5518900000000
0.5800000000000
0.6000000000000
0.1111200000000
0.1696000000000
0.1719000000000
0.2000000000000
0.7777800000000
0.8000000000000
0.8860000000000
0.0380800000000
0.2728800000000
0.7037100000000
0.6790200000000
0.6819900000000
0.7530900000000
0.7551100000000
0.7601500000000
0.2263400000000
0.7695500000000
0.9670800000000
0.1001400000000
0.7670300000000
0.7681700000000
0.9643400000000
0.2588000000000
0.9140400000000
0.7747300000000
0.3000100000000
0.3292500000000
0.7490000000000
0.7520500000000
0.2479400000000
0.2990800000000
0.6945500000000
0.9011900000000
0.0367300000000
0.7663600000000
0.7503300000000
0.0750000000000
0.1000000000000
0.2500000000000
0.6750000000000
0.7750000000000
Case #86: 
0.1000000000000
0.2500000000000
0.3000000000000
0.3250000000000
0.7750000000000
Case #87: 
0.3459000000000
0.2760000000000
0.9378700000000
0.7425400000000
0.9900000000000
Case #88: 
0.0836500000000
0.9752700000000
0.7503300000000
0.7000000000000
0.7500000000000
Case #89: 
0.3470900000000
0.3520100000000
0.3631700000000
0.3703900000000
0.3704000000000
0.3730000000000
0.3810900000000
0.4180000000000
0.4267900000000
0.4369000000000
0.4655200000000
0.4666700000000
0.4879500000000
0.4990600000000
0.5000000000000
0.5100000000000
0.5536700000000
0.5571900000000
0.5889300000000
0.5913300000000
0.5914600000000
0.6000000000000
0.6539000000000
0.1111200000000
0.1300000000000
0.1505000000000
0.7777800000000
0.8000000000000
0.8497900000000
0.8642000000000
0.8700000000000
0.8710700000000
0.8770200000000
0.0391300000000
0.0423500000000
0.2676200000000
0.2678700000000
0.7053200000000
0.9259300000000
0.9586500000000
0.9600000000000
0.0879500000000
0.0986000000000
0.2345700000000
0.7530900000000
0.7600000000000
0.3004200000000
0.9181000000000
0.9958200000000
0.2565200000000
0.6680400000000
0.6694100000000
0.8985100000000
0.9643400000000
0.2503900000000
0.3054400000000
0.3214500000000
0.6698700000000
0.8893500000000
0.9990900000000
0.1016700000000
0.6695700000000
0.6951700000000
0.7034100000000
0.7500400000000
0.8917900000000
0.1107500000000
0.3332400000000
0.7444500000000
0.8901600000000
0.0247200000000
0.0836500000000
0.2336300000000
0.3322900000000
0.7035800000000
0.9740700000000
0.2315100000000
0.2479400000000
0.2990800000000
0.6945500000000
0.7411900000000
0.9011900000000
0.9230700000000
0.9743500000000
0.0028800000000
0.0988000000000
0.2318200000000
0.2509900000000
0.8892400000000
0.9163400000000
0.9752700000000
0.0122400000000
0.7764100000000
0.0250000000000
0.1000000000000
0.2500000000000
0.3000000000000
0.6750000000000
0.7500000000000
0.9000000000000
Case #90: 
0.5000000000000
0.1200000000000
Case #91: 
0.0250000000000
0.3000000000000
0.7000000000000
0.7500000000000
0.9750000000000
Case #92: 
0.3292500000000
0.0367300000000
0.3000000000000
0.9250000000000
0.9750000000000
Case #93: 
0.3596400000000
0.3704000000000
0.4350500000000
0.4630000000000
0.4998400000000
0.5576000000000
0.5800000000000
0.6185900000000
0.6200000000000
0.6260000000000
0.1111200000000
0.1153600000000
0.1653700000000
0.1901700000000
0.2100000000000
0.7777800000000
0.8240000000000
0.8274300000000
0.8368000000000
0.8650000000000
0.0682500000000
0.7161700000000
0.7545000000000
0.6707900000000
0.9670800000000
0.9929300000000
0.1001400000000
0.2565200000000
0.6680400000000
0.7503500000000
0.7681700000000
0.6945600000000
0.7770000000000
0.9665800000000
0.9744100000000
0.9632600000000
0.9878100000000
0.7033000000000
0.0082400000000
0.2990800000000
0.6945500000000
0.7438300000000
0.7445400000000
0.7663600000000
0.2318200000000
0.2509900000000
0.9163400000000
0.9752700000000
0.7503300000000
0.0750000000000
0.1000000000000
0.2250000000000
0.7000000000000
0.9000000000000
0.9750000000000
Case #94: 
0.4600000000000
0.6000000000000
0.2000000000000
0.7528000000000
0.9990000000000
Case #95: 
0.3338000000000
0.3431000000000
0.3708200000000
0.3760000000000
0.4000000000000
0.4160000000000
0.4377500000000
0.4406200000000
0.4592600000000
0.5000000000000
0.5390000000000
0.5570000000000
0.6088000000000
0.6231000000000
0.6440600000000
0.6500000000000
0.6565700000000
0.1111200000000
0.1144000000000
0.1380000000000
0.1600000000000
0.2000000000000
0.2162600000000
0.7777800000000
0.7819000000000
0.7859900000000
0.7889300000000
0.7934400000000
0.8012300000000
0.8182300000000
0.8205000000000
0.8416400000000
0.8642000000000
0.8800000000000
0.0463200000000
0.2800000000000
0.2850000000000
0.2945000000000
0.7037100000000
0.9309600000000
0.0180900000000
0.2400000000000
0.3086500000000
0.7545000000000
0.7636600000000
0.9012400000000
0.9076800000000
0.9081900000000
0.9753100000000
0.1028900000000
0.1055700000000
0.6722000000000
0.9177100000000
0.9917700000000
0.0345900000000
0.1001400000000
0.2565200000000
0.3061300000000
0.3233400000000
0.9972600000000
0.3054400000000
0.6700000000000
0.7522000000000
0.2553100000000
0.9632600000000
0.1107500000000
0.2472700000000
0.3323200000000
0.6950700000000
0.7737200000000
0.9749500000000
0.0836500000000
0.2336300000000
0.3292500000000
0.7490000000000
0.0259200000000
0.2990800000000
0.6707400000000
0.9230700000000
0.9716100000000
0.0367300000000
0.2235800000000
0.7663600000000
0.0988000000000
0.2318200000000
0.2509900000000
0.2554500000000
0.2964100000000
0.6697200000000
0.8892400000000
0.9163400000000
0.9752700000000
0.0122400000000
0.0851500000000
0.2250000000000
0.2500000000000
0.3000000000000
0.7000000000000
0.7750000000000
0.9250000000000
Case #96: 
0.3544600000000
0.6439300000000
0.0070100000000
0.7430800000000
0.9639600000000
Case #97: 
0.0000900000000
0.0000100000000
Case #98: 
0.3665900000000
0.3879800000000
0.4774400000000
0.5172800000000
0.5273100000000
0.5468900000000
0.5475300000000
0.5560100000000
0.5692800000000
0.5891600000000
0.6232900000000
0.6313300000000
0.6523300000000
0.1354200000000
0.1665800000000
0.1838200000000
0.1990500000000
0.7891700000000
0.8135300000000
0.8560800000000
0.8564500000000
0.0418200000000
0.7169500000000
0.7242900000000
0.9465100000000
0.0132100000000
0.0156300000000
0.2467800000000
0.3095400000000
0.3154100000000
0.6814200000000
0.1060600000000
0.7511100000000
0.7681700000000
0.7751600000000
0.2588000000000
0.3054400000000
0.1017300000000
0.7684800000000
0.0357600000000
0.1107500000000
0.2561600000000
0.3238100000000
0.9877500000000
0.0092700000000
0.0247200000000
0.0283800000000
0.0836500000000
0.2336300000000
0.7448300000000
0.7490000000000
0.7520500000000
0.9740700000000
0.9917500000000
0.0082400000000
0.0259200000000
0.2315100000000
0.2479400000000
0.2990800000000
0.6707400000000
0.6945500000000
0.7411900000000
0.7438300000000
0.7445400000000
0.9011900000000
0.9148400000000
0.9230700000000
0.9743500000000
0.9971100000000
0.9999900000000
0.0367300000000
0.2235800000000
0.2496600000000
0.0028800000000
0.0769200000000
0.0988000000000
0.2318200000000
0.2509900000000
0.2554500000000
0.9163400000000
0.9752700000000
0.0122400000000
0.0851500000000
0.7503300000000
0.7009100000000
0.7764100000000
0.0250000000000
0.0750000000000
0.1000000000000
0.2250000000000
0.2500000000000
0.3000000000000
0.3250000000000
0.6750000000000
0.7000000000000
0.7500000000000
0.7750000000000
0.9000000000000
0.9250000000000
0.9750000000000
Case #99: 
0.3423400000000
0.3886700000000
0.4279300000000
0.4428200000000
0.4472900000000
0.4621500000000
0.4678600000000
0.4705300000000
0.5158800000000
0.5793300000000
0.1657600000000
0.1730800000000
0.2125400000000
0.7808800000000
0.7871500000000
0.8201100000000
0.8352300000000
0.8388400000000
0.8492200000000
0.8555700000000
0.8847400000000
0.2750900000000
0.7354300000000
0.9270500000000
0.9277100000000
0.9503400000000
0.9581800000000
0.9619800000000
0.2370600000000
0.6858100000000
0.7565500000000
0.9038200000000
0.9771200000000
0.9706200000000
0.2482900000000
0.6694100000000
0.7681700000000
0.9158300000000
0.0334800000000
0.2588000000000
0.3054400000000
0.6949400000000
0.7684800000000
0.7738600000000
0.9632600000000
0.1107500000000
0.2561600000000
0.9877500000000
0.0027700000000
0.0247200000000
0.0283800000000
0.0836500000000
0.2336300000000
0.7035800000000
0.7520500000000
0.9740700000000
0.0082400000000
0.0259200000000
0.2315100000000
0.2479400000000
0.3305800000000
0.6707400000000
0.6945500000000
0.7411900000000
0.7438300000000
0.9011900000000
0.9148400000000
0.9230700000000
0.9716100000000
0.9743500000000
0.9971100000000
0.0367300000000
0.2235800000000
0.2496600000000
0.7663600000000
0.0028800000000
0.0769200000000
0.0988000000000
0.2318200000000
0.2554500000000
0.2964100000000
0.8892400000000
0.9752700000000
0.0122400000000
0.0256400000000
0.0851500000000
0.0250000000000
0.0750000000000
0.1000000000000
0.2250000000000
0.2500000000000
0.3000000000000
0.3250000000000
0.6750000000000
0.7000000000000
0.7500000000000
0.7750000000000
0.9000000000000
0.9250000000000
0.9750000000000
Case #100: 
0.3380300000000
0.3581500000000
0.3611300000000
0.4025500000000
0.4336500000000
0.4386500000000
0.4821800000000
0.5310500000000
0.5400900000000
0.5599700000000
0.5602700000000
0.5901300000000
0.6303700000000
0.6575700000000
0.1713100000000
0.1979700000000
0.1983200000000
0.7802300000000
0.7846300000000
0.7850300000000
0.8169200000000
0.8570200000000
0.8699500000000
0.0398600000000
0.0703500000000
0.2630500000000
0.2696600000000
0.2821300000000
0.7180700000000
0.9437800000000
0.9613100000000
0.2411600000000
0.6860900000000
0.6743900000000
0.7486100000000
0.1092100000000
0.2484800000000
0.6694100000000
0.7681700000000
0.0089200000000
0.2588000000000
0.3054400000000
0.7500400000000
0.7684800000000
0.1107500000000
0.2561600000000
0.6777100000000
0.9877500000000
0.0247200000000
0.0283800000000
0.2336300000000
0.3292500000000
0.7035800000000
0.7490000000000
0.9740700000000
0.9917500000000
0.0082400000000
0.0259200000000
0.2315100000000
0.2479400000000
0.2990800000000
0.3305800000000
0.6707400000000
0.7411900000000
0.7445400000000
0.9011900000000
0.9148400000000
0.9230700000000
0.9716100000000
0.9743500000000
0.9971100000000
0.0367300000000
0.2235800000000
0.2496600000000
0.0028800000000
0.0988000000000
0.2509900000000
0.2964100000000
0.8892400000000
0.9163400000000
0.9752700000000
0.0256400000000
0.0851500000000
0.7503300000000
0.7009100000000
0.7764100000000
0.0250000000000
0.0750000000000
0.1000000000000
0.2250000000000
0.2500000000000
0.3000000000000
0.3250000000000
0.6750000000000
0.7000000000000
0.7500000000000
0.7750000000000
0.9000000000000
0.9250000000000
0.9750000000000
