Case #1:
0.5
0.5
0.5
Case #2:
0.6458333333333
0.3680555555556
0.6041666666667
0.3958333333333
Case #3:
0.5694444444444
0.4583333333333
0.625
0.375
0.5972222222222
0.5138888888889
0.4305555555556
0.5416666666667
0.4861111111111
0.4027777777778
Case #4:
0.4965277777778
0.4201388888889
0.4322916666667
0.5451388888889
0.4322916666667
0.6400462962963
Case #5:
0.3229166666667
0.4791666666667
0.6440972222222
0.3541666666667
0.734375
0.7569444444444
0.3645833333333
0.4479166666667
0.3012152777778
0.5416666666667
Case #6:
0.5089007936508
0.5017341269841
0.6145238095238
0.4561673280423
0.4207341269841
0.5117488662132
0.4962619047619
0.4793509070295
Case #7:
0.5
0.5
0.5
0.5
0.5
0.5
0.5
0.5
0.5
Case #8:
0.625
0.5972222222222
0.5694444444444
0.5416666666667
0.5138888888889
0.4861111111111
0.4583333333333
0.4305555555556
0.4027777777778
0.375
Case #9:
0.3524305555556
0.3836805555556
0.4774305555556
0.6099537037037
0.6585648148148
Case #10:
0.6030092592593
0.3634259259259
0.453125
0.4085648148148
0.5607638888889
0.5752314814815
Case #11:
0.5989583333333
0.5
0.7083333333333
0.4010416666667
0.2916666666667
Case #12:
0
0.1875
0.25
0.5
0.75
0.8125
1
Case #13:
0.7916666666667
0.2916666666667
0.5208333333333
0.6041666666667
0.3958333333333
0.3125
0.5208333333333
Case #14:
0.6875
0.3125
0.6875
0.3125
Case #15:
0.775
0.4067708333333
0.4201388888889
0.5011111111111
0.5211805555556
0.3055555555556
0.4166666666667
0.5398611111111
0.6432291666667
0.4875
Case #16:
0.5416666666667
0.4513888888889
0.5763888888889
0.3472222222222
0.4583333333333
0.3229166666667
0.7291666666667
0.6597222222222
0.6041666666667
0.1979166666667
Case #17:
0.5833333333333
0.3333333333333
0.25
0.5833333333333
0.75
Case #18:
0.5229861111111
0.4981944444444
0.4875
0.4892083333333
0.3903472222222
0.5106076388889
0.6256944444444
0.4950694444444
0.5024027777778
Case #19:
0.489664824263
0.444539399093
0.547545149012
0.6686590945902
0.3960270514456
0.4601121976568
0.3542747307256
0.4851210553666
0.5670493197279
0.5682554740646
Case #20:
0.5
0.5208333333333
0.8125
0.40625
0.08333333333333
0.25
0.5347222222222
0.9166666666667
0.21875
